#
# There is insufficient memory for the Java Runtime Environment to continue.
# Native memory allocation (mmap) failed to map 192937984 bytes for Failed to commit area from 0x0000000094100000 to 0x000000009f900000 of length 192937984.
# Possible reasons:
#   The system is out of physical RAM or swap space
#   The process is running with CompressedOops enabled, and the Java Heap may be blocking the growth of the native heap
# Possible solutions:
#   Reduce memory load on the system
#   Increase physical memory or swap space
#   Check if swap backing store is full
#   Decrease Java heap size (-Xmx/-Xms)
#   Decrease number of Java threads
#   Decrease Java thread stack sizes (-Xss)
#   Set larger code cache with -XX:ReservedCodeCacheSize=
#   JVM is running with Unscaled Compressed Oops mode in which the Java heap is
#     placed in the first 4GB address space. The Java Heap base address is the
#     maximum limit for the native heap growth. Please use -XX:HeapBaseMinAddress
#     to set the Java Heap base and to place the Java Heap above 4GB virtual address.
# This output file may be truncated or incomplete.
#
#  Out of Memory Error (./src/hotspot/os/windows/os_windows.cpp:3301), pid=6456, tid=11056
#
# JRE version: OpenJDK Runtime Environment (11.0.10) (build 11.0.10+0-b96-7249189)
# Java VM: OpenJDK 64-Bit Server VM (11.0.10+0-b96-7249189, mixed mode, tiered, compressed oops, g1 gc, windows-amd64)
# No core dump will be written. Minidumps are not enabled by default on client versions of Windows
#

---------------  S U M M A R Y ------------

Command Line: --add-opens=java.base/java.util=ALL-UNNAMED --add-opens=java.base/java.lang=ALL-UNNAMED --add-opens=java.base/java.lang.invoke=ALL-UNNAMED --add-opens=java.base/java.util=ALL-UNNAMED --add-opens=java.prefs/java.util.prefs=ALL-UNNAMED --add-opens=java.prefs/java.util.prefs=ALL-UNNAMED --add-opens=java.base/java.nio.charset=ALL-UNNAMED --add-opens=java.base/java.net=ALL-UNNAMED --add-opens=java.base/java.util.concurrent.atomic=ALL-UNNAMED -Xmx2048m -Dfile.encoding=UTF-8 -Duser.country=RU -Duser.language=ru -Duser.variant org.gradle.launcher.daemon.bootstrap.GradleDaemon 7.0.2

Host: Intel(R) Core(TM) i3-8130U CPU @ 2.20GHz, 4 cores, 7G,  Windows 10 , 64 bit Build 17763 (10.0.17763.2452)
Time: Tue Jan 18 00:17:24 2022 RTZ 2 (ceia) elapsed time: 973.990970 seconds (0d 0h 16m 13s)

---------------  T H R E A D  ---------------

Current thread (0x0000029aa177f000):  VMThread "VM Thread" [stack: 0x000000fefb200000,0x000000fefb300000] [id=11056]

Stack: [0x000000fefb200000,0x000000fefb300000]
[error occurred during error reporting (printing stack bounds), id 0xc0000005, EXCEPTION_ACCESS_VIOLATION (0xc0000005) at pc=0x0000029a8af60f2d]

Native frames: (J=compiled Java code, j=interpreted, Vv=VM code, C=native code)
V  [jvm.dll+0x5ecfaa]
V  [jvm.dll+0x722bd5]
V  [jvm.dll+0x72412d]
V  [jvm.dll+0x724745]
V  [jvm.dll+0x7246fb]
V  [jvm.dll+0x5ec348]
V  [jvm.dll+0x5ecad8]
C  [ntdll.dll+0xa4a2f]
C  [ntdll.dll+0x4cef]
C  [ntdll.dll+0xa379e]
C  0x0000029a8af60f2d

VM_Operation (0x000000feff0fcfd0): G1CollectForAllocation, mode: safepoint, requested by thread 0x0000029aa4f2f000


---------------  P R O C E S S  ---------------

Threads class SMR info:
_java_thread_list=0x0000029aaef77960, length=73, elements={
0x0000029a85ca7000, 0x0000029aa1783800, 0x0000029aa1784800, 0x0000029aa17a4000,
0x0000029aa17a5800, 0x0000029aa17a6800, 0x0000029aa17ac000, 0x0000029aa17b0000,
0x0000029aa17b5800, 0x0000029aa2280000, 0x0000029aa42dc000, 0x0000029aa241f800,
0x0000029aa3b65800, 0x0000029aa4b99800, 0x0000029aa4b98800, 0x0000029aa4b96000,
0x0000029aa4b9b000, 0x0000029aa4b95800, 0x0000029aa4a72800, 0x0000029aa4a73000,
0x0000029aa4a71800, 0x0000029aa4a6d800, 0x0000029aa4a70000, 0x0000029aa4a76800,
0x0000029aa4a77000, 0x0000029aa4f26000, 0x0000029aa4f31800, 0x0000029aa4a70800,
0x0000029aa4f2b000, 0x0000029aa4a6b800, 0x0000029aa4f30800, 0x0000029aa4a75800,
0x0000029aa8728000, 0x0000029aa4f2c800, 0x0000029aa8729000, 0x0000029aa4f26800,
0x0000029aa872f800, 0x0000029aa4a6e000, 0x0000029aa4a6f000, 0x0000029aa4a79800,
0x0000029aa4a7a800, 0x0000029aa4a74800, 0x0000029aa8727800, 0x0000029aa872f000,
0x0000029aa872a000, 0x0000029aa8730800, 0x0000029aa872e000, 0x0000029aa872c800,
0x0000029aa872d000, 0x0000029aa872a800, 0x0000029aa8731000, 0x0000029aa8736000,
0x0000029aa8734800, 0x0000029aa8732000, 0x0000029aa5c96800, 0x0000029aa8733800,
0x0000029aa8735800, 0x0000029aa4f2b800, 0x0000029aa4f28800, 0x0000029aa4f29000,
0x0000029aa4f2d800, 0x0000029aa4f27800, 0x0000029aa4f2f000, 0x0000029aa4f2f800,
0x0000029aa4f2e000, 0x0000029aa4f2a000, 0x0000029aa4b97000, 0x0000029aa4b98000,
0x0000029aa4b9a800, 0x0000029aa4b9c000, 0x0000029ab0550000, 0x0000029ab0552800,
0x0000029ab054f000
}

Java Threads: ( => current thread )
  0x0000029a85ca7000 JavaThread "main" [_thread_blocked, id=7224, stack(0x000000fefac00000,0x000000fefad00000)]
  0x0000029aa1783800 JavaThread "Reference Handler" daemon [_thread_blocked, id=3116, stack(0x000000fefb300000,0x000000fefb400000)]
  0x0000029aa1784800 JavaThread "Finalizer" daemon [_thread_blocked, id=6872, stack(0x000000fefb400000,0x000000fefb500000)]
  0x0000029aa17a4000 JavaThread "Signal Dispatcher" daemon [_thread_blocked, id=10980, stack(0x000000fefb500000,0x000000fefb600000)]
  0x0000029aa17a5800 JavaThread "Attach Listener" daemon [_thread_blocked, id=7072, stack(0x000000fefb600000,0x000000fefb700000)]
  0x0000029aa17a6800 JavaThread "Service Thread" daemon [_thread_blocked, id=9468, stack(0x000000fefb700000,0x000000fefb800000)]
  0x0000029aa17ac000 JavaThread "C2 CompilerThread0" daemon [_thread_blocked, id=9180, stack(0x000000fefb800000,0x000000fefb900000)]
  0x0000029aa17b0000 JavaThread "C1 CompilerThread0" daemon [_thread_blocked, id=10208, stack(0x000000fefb900000,0x000000fefba00000)]
  0x0000029aa17b5800 JavaThread "Sweeper thread" daemon [_thread_blocked, id=14184, stack(0x000000fefba00000,0x000000fefbb00000)]
  0x0000029aa2280000 JavaThread "Common-Cleaner" daemon [_thread_blocked, id=7576, stack(0x000000fefbb00000,0x000000fefbc00000)]
  0x0000029aa42dc000 JavaThread "Daemon health stats" [_thread_blocked, id=7144, stack(0x000000fefc000000,0x000000fefc100000)]
  0x0000029aa241f800 JavaThread "Incoming local TCP Connector on port 65483" [_thread_in_native, id=10908, stack(0x000000fefbd00000,0x000000fefbe00000)]
  0x0000029aa3b65800 JavaThread "Daemon periodic checks" [_thread_blocked, id=1964, stack(0x000000fefc100000,0x000000fefc200000)]
  0x0000029aa4b99800 JavaThread "Cache worker for file hash cache (C:\Users\Admin\.gradle\caches\7.0.2\fileHashes)" [_thread_blocked, id=1332, stack(0x000000fefc900000,0x000000fefca00000)]
  0x0000029aa4b98800 JavaThread "File lock request listener" [_thread_in_native, id=5532, stack(0x000000fefca00000,0x000000fefcb00000)]
  0x0000029aa4b96000 JavaThread "Cache worker for journal cache (C:\Users\Admin\.gradle\caches\journal-1)" [_thread_blocked, id=11620, stack(0x000000fefcc00000,0x000000fefcd00000)]
  0x0000029aa4b9b000 JavaThread "File watcher server" daemon [_thread_blocked, id=14176, stack(0x000000fefcf00000,0x000000fefd000000)]
  0x0000029aa4b95800 JavaThread "File watcher consumer" daemon [_thread_blocked, id=12404, stack(0x000000fefd000000,0x000000fefd100000)]
  0x0000029aa4a72800 JavaThread "Cache worker for execution history cache (C:\Users\Admin\.gradle\caches\7.0.2\executionHistory)" [_thread_blocked, id=10476, stack(0x000000fefd400000,0x000000fefd500000)]
  0x0000029aa4a73000 JavaThread "jar transforms" [_thread_blocked, id=10900, stack(0x000000fefd500000,0x000000fefd600000)]
  0x0000029aa4a71800 JavaThread "jar transforms Thread 2" [_thread_blocked, id=6552, stack(0x000000fefd600000,0x000000fefd700000)]
  0x0000029aa4a6d800 JavaThread "Cache worker for file content cache (C:\Users\Admin\.gradle\caches\7.0.2\fileContent)" [_thread_blocked, id=9236, stack(0x000000fefd700000,0x000000fefd800000)]
  0x0000029aa4a70000 JavaThread "jar transforms Thread 3" [_thread_blocked, id=13160, stack(0x000000fefd900000,0x000000fefda00000)]
  0x0000029aa4a76800 JavaThread "jar transforms Thread 4" [_thread_blocked, id=2668, stack(0x000000fefdf00000,0x000000fefe000000)]
  0x0000029aa4a77000 JavaThread "Memory manager" [_thread_blocked, id=2112, stack(0x000000fefe000000,0x000000fefe100000)]
  0x0000029aa4f26000 JavaThread "pool-3-thread-1" [_thread_blocked, id=5432, stack(0x000000fefe200000,0x000000fefe300000)]
  0x0000029aa4f31800 JavaThread "ForkJoinPool.commonPool-worker-7" daemon [_thread_blocked, id=5700, stack(0x000000feff100000,0x000000feff200000)]
  0x0000029aa4a70800 JavaThread "pool-8-thread-1" [_thread_blocked, id=10264, stack(0x000000fefc700000,0x000000fefc800000)]
  0x0000029aa4f2b000 JavaThread "pool-11-thread-1" [_thread_blocked, id=4272, stack(0x000000fefe300000,0x000000fefe400000)]
  0x0000029aa4a6b800 JavaThread "pool-14-thread-1" [_thread_blocked, id=7956, stack(0x000000fefde00000,0x000000fefdf00000)]
  0x0000029aa4f30800 JavaThread "pool-17-thread-1" [_thread_blocked, id=4908, stack(0x000000fefe100000,0x000000fefe200000)]
  0x0000029aa4a75800 JavaThread "pool-20-thread-1" [_thread_blocked, id=5628, stack(0x000000fefe700000,0x000000fefe800000)]
  0x0000029aa8728000 JavaThread "Java2D Disposer" daemon [_thread_blocked, id=9716, stack(0x000000feff400000,0x000000feff500000)]
  0x0000029aa4f2c800 JavaThread "pool-24-thread-1" [_thread_blocked, id=12476, stack(0x000000fefe600000,0x000000fefe700000)]
  0x0000029aa8729000 JavaThread "pool-27-thread-1" [_thread_blocked, id=6508, stack(0x000000fefe500000,0x000000fefe600000)]
  0x0000029aa4f26800 JavaThread "pool-30-thread-1" [_thread_blocked, id=13224, stack(0x000000fefe400000,0x000000fefe500000)]
  0x0000029aa872f800 JavaThread "pool-33-thread-1" [_thread_blocked, id=3640, stack(0x000000fefe900000,0x000000fefea00000)]
  0x0000029aa4a6e000 JavaThread "Daemon Thread 6" [_thread_blocked, id=2272, stack(0x000000fefa900000,0x000000fefaa00000)]
  0x0000029aa4a6f000 JavaThread "Handler for socket connection from /127.0.0.1:65483 to /127.0.0.1:49413" [_thread_in_native, id=12372, stack(0x000000fefaa00000,0x000000fefab00000)]
  0x0000029aa4a79800 JavaThread "Cancel handler" [_thread_blocked, id=8288, stack(0x000000fefab00000,0x000000fefac00000)]
  0x0000029aa4a7a800 JavaThread "Daemon worker Thread 6" [_thread_blocked, id=7840, stack(0x000000fefc200000,0x000000fefc300000)]
  0x0000029aa4a74800 JavaThread "Asynchronous log dispatcher for DefaultDaemonConnection: socket connection from /127.0.0.1:65483 to /127.0.0.1:49413" [_thread_blocked, id=10416, stack(0x000000fefc300000,0x000000fefc400000)]
  0x0000029aa8727800 JavaThread "Stdin handler" [_thread_blocked, id=8808, stack(0x000000fefc400000,0x000000fefc500000)]
  0x0000029aa872f000 JavaThread "Daemon client event forwarder" [_thread_blocked, id=12220, stack(0x000000fefc500000,0x000000fefc600000)]
  0x0000029aa872a000 JavaThread "Cache worker for file hash cache (C:\Users\Admin\AndroidStudioProjects\firenote\.gradle\7.0.2\fileHashes)" [_thread_blocked, id=6228, stack(0x000000fefc600000,0x000000fefc700000)]
  0x0000029aa8730800 JavaThread "Cache worker for checksums cache (C:\Users\Admin\AndroidStudioProjects\firenote\.gradle\checksums)" [_thread_blocked, id=12496, stack(0x000000fefc800000,0x000000fefc900000)]
  0x0000029aa872e000 JavaThread "Cache worker for cache directory md-supplier (C:\Users\Admin\.gradle\caches\7.0.2\md-supplier)" [_thread_blocked, id=11544, stack(0x000000fefcd00000,0x000000fefce00000)]
  0x0000029aa872c800 JavaThread "Cache worker for cache directory md-rule (C:\Users\Admin\.gradle\caches\7.0.2\md-rule)" [_thread_blocked, id=8836, stack(0x000000fefce00000,0x000000fefcf00000)]
  0x0000029aa872d000 JavaThread "Cache worker for dependencies-accessors (C:\Users\Admin\AndroidStudioProjects\firenote\.gradle\7.0.2\dependencies-accessors)" [_thread_blocked, id=3000, stack(0x000000fefd100000,0x000000fefd200000)]
  0x0000029aa872a800 JavaThread "Cache worker for Build Output Cleanup Cache (C:\Users\Admin\AndroidStudioProjects\firenote\.gradle\buildOutputCleanup)" [_thread_blocked, id=12192, stack(0x000000fefd300000,0x000000fefd400000)]
  0x0000029aa8731000 JavaThread "Build operations" [_thread_blocked, id=9068, stack(0x000000fefd800000,0x000000fefd900000)]
  0x0000029aa8736000 JavaThread "Build operations Thread 2" [_thread_blocked, id=11732, stack(0x000000fefda00000,0x000000fefdb00000)]
  0x0000029aa8734800 JavaThread "Build operations Thread 3" [_thread_blocked, id=9788, stack(0x000000fefdb00000,0x000000fefdc00000)]
  0x0000029aa8732000 JavaThread "Build operations Thread 4" [_thread_blocked, id=12732, stack(0x000000fefdc00000,0x000000fefdd00000)]
  0x0000029aa5c96800 JavaThread "C2 CompilerThread1" daemon [_thread_in_native, id=7876, stack(0x000000fefd200000,0x000000fefd300000)]
  0x0000029aa8733800 JavaThread "build event listener" [_thread_blocked, id=7212, stack(0x000000fefe800000,0x000000fefe900000)]
  0x0000029aa8735800 JavaThread "pool-37-thread-1" [_thread_blocked, id=4572, stack(0x000000fefea00000,0x000000fefeb00000)]
  0x0000029aa4f2b800 JavaThread "build event listener" [_thread_blocked, id=7392, stack(0x000000fefeb00000,0x000000fefec00000)]
  0x0000029aa4f28800 JavaThread "Execution worker for ':'" [_thread_blocked, id=10592, stack(0x000000fefec00000,0x000000fefed00000)]
  0x0000029aa4f29000 JavaThread "Execution worker for ':' Thread 2" [_thread_blocked, id=10840, stack(0x000000fefed00000,0x000000fefee00000)]
  0x0000029aa4f2d800 JavaThread "Execution worker for ':' Thread 3" [_thread_blocked, id=3608, stack(0x000000fefee00000,0x000000fefef00000)]
  0x0000029aa4f27800 JavaThread "Cache worker for execution history cache (C:\Users\Admin\AndroidStudioProjects\firenote\.gradle\7.0.2\executionHistory)" [_thread_blocked, id=5860, stack(0x000000fefef00000,0x000000feff000000)]
  0x0000029aa4f2f000 JavaThread "WorkerExecutor Queue" [_thread_blocked, id=11164, stack(0x000000feff000000,0x000000feff100000)]
  0x0000029aa4f2f800 JavaThread "WorkerExecutor Queue Thread 2" [_thread_blocked, id=8668, stack(0x000000feff200000,0x000000feff300000)]
  0x0000029aa4f2e000 JavaThread "WorkerExecutor Queue Thread 3" [_thread_blocked, id=1280, stack(0x000000feff300000,0x000000feff400000)]
  0x0000029aa4f2a000 JavaThread "WorkerExecutor Queue Thread 4" [_thread_blocked, id=9012, stack(0x000000feff500000,0x000000feff600000)]
  0x0000029aa4b97000 JavaThread "ForkJoinPool-9-worker-3" daemon [_thread_blocked, id=11864, stack(0x000000feff700000,0x000000feff800000)]
  0x0000029aa4b98000 JavaThread "ForkJoinPool-9-worker-5" daemon [_thread_blocked, id=6264, stack(0x000000feff800000,0x000000feff900000)]
  0x0000029aa4b9a800 JavaThread "ForkJoinPool-9-worker-7" daemon [_thread_blocked, id=13932, stack(0x000000feff900000,0x000000feffa00000)]
  0x0000029aa4b9c000 JavaThread "ForkJoinPool-9-worker-1" daemon [_thread_blocked, id=2764, stack(0x000000feffa00000,0x000000feffb00000)]
  0x0000029ab0550000 JavaThread "pool-38-thread-1" [_thread_blocked, id=11208, stack(0x000000feffb00000,0x000000feffc00000)]
  0x0000029ab0552800 JavaThread "stderr" [_thread_blocked, id=11660, stack(0x000000feffc00000,0x000000feffd00000)]
  0x0000029ab054f000 JavaThread "stdout" [_thread_in_native, id=11800, stack(0x000000feffd00000,0x000000feffe00000)]

Other Threads:
=>0x0000029aa177f000 VMThread "VM Thread" [stack: 0x000000fefb200000,0x000000fefb300000] [id=11056]
  0x0000029aa228d000 WatcherThread [stack: 0x000000fefbc00000,0x000000fefbd00000] [id=5288]
  0x0000029a85cbb000 GCTaskThread "GC Thread#0" [stack: 0x000000fefad00000,0x000000fefae00000] [id=12668]
  0x0000029aa27fb800 GCTaskThread "GC Thread#1" [stack: 0x000000fefbe00000,0x000000fefbf00000] [id=5348]
  0x0000029aa2576800 GCTaskThread "GC Thread#2" [stack: 0x000000fefbf00000,0x000000fefc000000] [id=13824]
  0x0000029aa2bae800 GCTaskThread "GC Thread#3" [stack: 0x000000fefcb00000,0x000000fefcc00000] [id=12436]
  0x0000029a85ceb800 ConcurrentGCThread "G1 Main Marker" [stack: 0x000000fefae00000,0x000000fefaf00000] [id=12196]
  0x0000029a85cec800 ConcurrentGCThread "G1 Conc#0" [stack: 0x000000fefaf00000,0x000000fefb000000] [id=2464]
  0x0000029a85d6e000 ConcurrentGCThread "G1 Refine#0" [stack: 0x000000fefb000000,0x000000fefb100000] [id=8648]
  0x0000029aa15d0800 ConcurrentGCThread "G1 Young RemSet Sampling" [stack: 0x000000fefb100000,0x000000fefb200000] [id=2580]

Threads with active compile tasks:
C2 CompilerThread0 974014 34422 %     4       java.util.IdentityHashMap::resize @ 104 (153 bytes)
C2 CompilerThread1 974014 33819 %     4       com.android.tools.r8.dex.j::a @ 315 (1038 bytes)

VM state:at safepoint (normal execution)

VM Mutex/Monitor currently owned by a thread:  ([mutex/lock_event])
[0x0000029a85ca24b0] Threads_lock - owner thread: 0x0000029aa177f000
[0x0000029a85ca2150] Heap_lock - owner thread: 0x0000029aa4f2f000

Heap address: 0x0000000080000000, size: 2048 MB, Compressed Oops mode: 32-bit
Narrow klass base: 0x0000000000000000, Narrow klass shift: 3
Compressed class space size: 1073741824 Address: 0x0000000100000000

Heap:
 garbage-first heap   total 517120K, used 240264K [0x0000000080000000, 0x0000000100000000)
  region size 1024K, 4 young (4096K), 4 survivors (4096K)
 Metaspace       used 222850K, capacity 229346K, committed 229580K, reserved 1249280K
  class space    used 27581K, capacity 29863K, committed 29900K, reserved 1048576K
Heap Regions: E=young(eden), S=young(survivor), O=old, HS=humongous(starts), HC=humongous(continues), CS=collection set, F=free, A=archive, TAMS=top-at-mark-start (previous, next)
|   0|0x0000000080000000, 0x0000000080100000, 0x0000000080100000|100%| O|  |TAMS 0x0000000080100000, 0x0000000080000000| Updating 
|   1|0x0000000080100000, 0x0000000080200000, 0x0000000080200000|100%| O|  |TAMS 0x0000000080200000, 0x0000000080100000| Updating 
|   2|0x0000000080200000, 0x0000000080300000, 0x0000000080300000|100%| O|  |TAMS 0x0000000080300000, 0x0000000080200000| Updating 
|   3|0x0000000080300000, 0x0000000080400000, 0x0000000080400000|100%|HS|  |TAMS 0x0000000080400000, 0x0000000080300000| Complete 
|   4|0x0000000080400000, 0x0000000080500000, 0x0000000080500000|100%|HC|  |TAMS 0x0000000080500000, 0x0000000080400000| Complete 
|   5|0x0000000080500000, 0x0000000080600000, 0x0000000080600000|100%|HC|  |TAMS 0x0000000080600000, 0x0000000080500000| Complete 
|   6|0x0000000080600000, 0x0000000080700000, 0x0000000080700000|100%| O|  |TAMS 0x0000000080700000, 0x0000000080600000| Updating 
|   7|0x0000000080700000, 0x0000000080800000, 0x0000000080800000|100%| O|  |TAMS 0x0000000080800000, 0x0000000080700000| Updating 
|   8|0x0000000080800000, 0x0000000080900000, 0x0000000080900000|100%| O|  |TAMS 0x0000000080900000, 0x0000000080800000| Updating 
|   9|0x0000000080900000, 0x0000000080a00000, 0x0000000080a00000|100%| O|  |TAMS 0x0000000080a00000, 0x0000000080900000| Updating 
|  10|0x0000000080a00000, 0x0000000080b00000, 0x0000000080b00000|100%| O|  |TAMS 0x0000000080b00000, 0x0000000080a00000| Updating 
|  11|0x0000000080b00000, 0x0000000080c00000, 0x0000000080c00000|100%| O|  |TAMS 0x0000000080c00000, 0x0000000080b00000| Updating 
|  12|0x0000000080c00000, 0x0000000080d00000, 0x0000000080d00000|100%| O|  |TAMS 0x0000000080d00000, 0x0000000080c00000| Updating 
|  13|0x0000000080d00000, 0x0000000080e00000, 0x0000000080e00000|100%| O|  |TAMS 0x0000000080e00000, 0x0000000080d00000| Updating 
|  14|0x0000000080e00000, 0x0000000080f00000, 0x0000000080f00000|100%| O|  |TAMS 0x0000000080f00000, 0x0000000080e00000| Updating 
|  15|0x0000000080f00000, 0x0000000081000000, 0x0000000081000000|100%| O|  |TAMS 0x0000000081000000, 0x0000000080f00000| Updating 
|  16|0x0000000081000000, 0x0000000081100000, 0x0000000081100000|100%|HS|  |TAMS 0x0000000081100000, 0x0000000081000000| Complete 
|  17|0x0000000081100000, 0x0000000081200000, 0x0000000081200000|100%| O|  |TAMS 0x0000000081200000, 0x0000000081100000| Updating 
|  18|0x0000000081200000, 0x0000000081300000, 0x0000000081300000|100%| O|  |TAMS 0x0000000081300000, 0x0000000081200000| Updating 
|  19|0x0000000081300000, 0x0000000081400000, 0x0000000081400000|100%| O|  |TAMS 0x0000000081400000, 0x0000000081300000| Updating 
|  20|0x0000000081400000, 0x0000000081500000, 0x0000000081500000|100%| O|  |TAMS 0x0000000081500000, 0x0000000081400000| Updating 
|  21|0x0000000081500000, 0x0000000081600000, 0x0000000081600000|100%| O|  |TAMS 0x0000000081600000, 0x0000000081500000| Updating 
|  22|0x0000000081600000, 0x0000000081700000, 0x0000000081700000|100%| O|  |TAMS 0x0000000081700000, 0x0000000081600000| Updating 
|  23|0x0000000081700000, 0x0000000081800000, 0x0000000081800000|100%|HS|  |TAMS 0x0000000081800000, 0x0000000081700000| Complete 
|  24|0x0000000081800000, 0x0000000081900000, 0x0000000081900000|100%|HS|  |TAMS 0x0000000081900000, 0x0000000081800000| Complete 
|  25|0x0000000081900000, 0x0000000081a00000, 0x0000000081a00000|100%|HC|  |TAMS 0x0000000081a00000, 0x0000000081900000| Complete 
|  26|0x0000000081a00000, 0x0000000081b00000, 0x0000000081b00000|100%| O|  |TAMS 0x0000000081b00000, 0x0000000081a00000| Updating 
|  27|0x0000000081b00000, 0x0000000081c00000, 0x0000000081c00000|100%| O|  |TAMS 0x0000000081c00000, 0x0000000081b00000| Updating 
|  28|0x0000000081c00000, 0x0000000081d00000, 0x0000000081d00000|100%| O|  |TAMS 0x0000000081d00000, 0x0000000081c00000| Updating 
|  29|0x0000000081d00000, 0x0000000081e00000, 0x0000000081e00000|100%| O|  |TAMS 0x0000000081e00000, 0x0000000081d00000| Updating 
|  30|0x0000000081e00000, 0x0000000081f00000, 0x0000000081f00000|100%| O|  |TAMS 0x0000000081f00000, 0x0000000081e00000| Updating 
|  31|0x0000000081f00000, 0x0000000082000000, 0x0000000082000000|100%| O|  |TAMS 0x0000000082000000, 0x0000000081f00000| Updating 
|  32|0x0000000082000000, 0x0000000082100000, 0x0000000082100000|100%| O|  |TAMS 0x0000000082100000, 0x0000000082000000| Updating 
|  33|0x0000000082100000, 0x0000000082200000, 0x0000000082200000|100%| O|  |TAMS 0x0000000082200000, 0x0000000082100000| Updating 
|  34|0x0000000082200000, 0x0000000082300000, 0x0000000082300000|100%| O|  |TAMS 0x0000000082300000, 0x0000000082200000| Updating 
|  35|0x0000000082300000, 0x0000000082400000, 0x0000000082400000|100%| O|  |TAMS 0x0000000082400000, 0x0000000082300000| Updating 
|  36|0x0000000082400000, 0x0000000082500000, 0x0000000082500000|100%| O|  |TAMS 0x0000000082500000, 0x0000000082400000| Updating 
|  37|0x0000000082500000, 0x0000000082600000, 0x0000000082600000|100%| O|  |TAMS 0x0000000082600000, 0x0000000082500000| Updating 
|  38|0x0000000082600000, 0x0000000082700000, 0x0000000082700000|100%| O|  |TAMS 0x0000000082700000, 0x0000000082600000| Updating 
|  39|0x0000000082700000, 0x0000000082800000, 0x0000000082800000|100%| O|  |TAMS 0x0000000082800000, 0x0000000082700000| Updating 
|  40|0x0000000082800000, 0x0000000082900000, 0x0000000082900000|100%| O|  |TAMS 0x0000000082900000, 0x0000000082800000| Updating 
|  41|0x0000000082900000, 0x0000000082a00000, 0x0000000082a00000|100%| O|  |TAMS 0x0000000082a00000, 0x0000000082900000| Updating 
|  42|0x0000000082a00000, 0x0000000082b00000, 0x0000000082b00000|100%| O|  |TAMS 0x0000000082b00000, 0x0000000082a00000| Updating 
|  43|0x0000000082b00000, 0x0000000082c00000, 0x0000000082c00000|100%| O|  |TAMS 0x0000000082c00000, 0x0000000082b00000| Updating 
|  44|0x0000000082c00000, 0x0000000082d00000, 0x0000000082d00000|100%| O|  |TAMS 0x0000000082d00000, 0x0000000082c00000| Updating 
|  45|0x0000000082d00000, 0x0000000082e00000, 0x0000000082e00000|100%| O|  |TAMS 0x0000000082e00000, 0x0000000082d00000| Updating 
|  46|0x0000000082e00000, 0x0000000082f00000, 0x0000000082f00000|100%| O|  |TAMS 0x0000000082f00000, 0x0000000082e00000| Updating 
|  47|0x0000000082f00000, 0x0000000083000000, 0x0000000083000000|100%| O|  |TAMS 0x0000000083000000, 0x0000000082f00000| Updating 
|  48|0x0000000083000000, 0x0000000083100000, 0x0000000083100000|100%| O|  |TAMS 0x0000000083100000, 0x0000000083000000| Updating 
|  49|0x0000000083100000, 0x0000000083200000, 0x0000000083200000|100%| O|  |TAMS 0x0000000083200000, 0x0000000083100000| Updating 
|  50|0x0000000083200000, 0x0000000083300000, 0x0000000083300000|100%| O|  |TAMS 0x0000000083300000, 0x0000000083200000| Updating 
|  51|0x0000000083300000, 0x0000000083400000, 0x0000000083400000|100%| O|  |TAMS 0x0000000083400000, 0x0000000083300000| Updating 
|  52|0x0000000083400000, 0x0000000083500000, 0x0000000083500000|100%| O|  |TAMS 0x0000000083500000, 0x0000000083400000| Updating 
|  53|0x0000000083500000, 0x0000000083600000, 0x0000000083600000|100%| O|  |TAMS 0x0000000083600000, 0x0000000083500000| Updating 
|  54|0x0000000083600000, 0x0000000083700000, 0x0000000083700000|100%| O|  |TAMS 0x0000000083700000, 0x0000000083600000| Updating 
|  55|0x0000000083700000, 0x0000000083800000, 0x0000000083800000|100%| O|  |TAMS 0x0000000083800000, 0x0000000083700000| Updating 
|  56|0x0000000083800000, 0x0000000083900000, 0x0000000083900000|100%| O|  |TAMS 0x0000000083900000, 0x0000000083800000| Updating 
|  57|0x0000000083900000, 0x0000000083a00000, 0x0000000083a00000|100%| O|  |TAMS 0x0000000083a00000, 0x0000000083900000| Updating 
|  58|0x0000000083a00000, 0x0000000083b00000, 0x0000000083b00000|100%| O|  |TAMS 0x0000000083b00000, 0x0000000083a00000| Updating 
|  59|0x0000000083b00000, 0x0000000083c00000, 0x0000000083c00000|100%| O|  |TAMS 0x0000000083c00000, 0x0000000083b00000| Updating 
|  60|0x0000000083c00000, 0x0000000083d00000, 0x0000000083d00000|100%| O|  |TAMS 0x0000000083d00000, 0x0000000083c00000| Updating 
|  61|0x0000000083d00000, 0x0000000083e00000, 0x0000000083e00000|100%| O|  |TAMS 0x0000000083e00000, 0x0000000083d00000| Updating 
|  62|0x0000000083e00000, 0x0000000083f00000, 0x0000000083f00000|100%| O|  |TAMS 0x0000000083f00000, 0x0000000083e00000| Updating 
|  63|0x0000000083f00000, 0x0000000084000000, 0x0000000084000000|100%|HS|  |TAMS 0x0000000084000000, 0x0000000083f00000| Complete 
|  64|0x0000000084000000, 0x0000000084100000, 0x0000000084100000|100%|HC|  |TAMS 0x0000000084100000, 0x0000000084000000| Complete 
|  65|0x0000000084100000, 0x0000000084200000, 0x0000000084200000|100%|HC|  |TAMS 0x0000000084200000, 0x0000000084100000| Complete 
|  66|0x0000000084200000, 0x0000000084300000, 0x0000000084300000|100%| O|  |TAMS 0x0000000084300000, 0x0000000084200000| Updating 
|  67|0x0000000084300000, 0x0000000084400000, 0x0000000084400000|100%|HS|  |TAMS 0x0000000084400000, 0x0000000084300000| Complete 
|  68|0x0000000084400000, 0x0000000084500000, 0x0000000084500000|100%| O|  |TAMS 0x0000000084500000, 0x0000000084400000| Updating 
|  69|0x0000000084500000, 0x0000000084600000, 0x0000000084600000|100%| O|  |TAMS 0x0000000084600000, 0x0000000084500000| Updating 
|  70|0x0000000084600000, 0x0000000084700000, 0x0000000084700000|100%| O|  |TAMS 0x0000000084700000, 0x0000000084600000| Updating 
|  71|0x0000000084700000, 0x0000000084800000, 0x0000000084800000|100%| O|  |TAMS 0x0000000084800000, 0x0000000084700000| Updating 
|  72|0x0000000084800000, 0x0000000084900000, 0x0000000084900000|100%| O|  |TAMS 0x0000000084900000, 0x0000000084800000| Updating 
|  73|0x0000000084900000, 0x0000000084a00000, 0x0000000084a00000|100%|HS|  |TAMS 0x0000000084a00000, 0x0000000084900000| Complete 
|  74|0x0000000084a00000, 0x0000000084b00000, 0x0000000084b00000|100%|HC|  |TAMS 0x0000000084b00000, 0x0000000084a00000| Complete 
|  75|0x0000000084b00000, 0x0000000084c00000, 0x0000000084c00000|100%|HS|  |TAMS 0x0000000084c00000, 0x0000000084b00000| Complete 
|  76|0x0000000084c00000, 0x0000000084d00000, 0x0000000084d00000|100%|HC|  |TAMS 0x0000000084d00000, 0x0000000084c00000| Complete 
|  77|0x0000000084d00000, 0x0000000084e00000, 0x0000000084e00000|100%|HC|  |TAMS 0x0000000084e00000, 0x0000000084d00000| Complete 
|  78|0x0000000084e00000, 0x0000000084f00000, 0x0000000084f00000|100%|HS|  |TAMS 0x0000000084f00000, 0x0000000084e00000| Complete 
|  79|0x0000000084f00000, 0x0000000085000000, 0x0000000085000000|100%|HC|  |TAMS 0x0000000085000000, 0x0000000084f00000| Complete 
|  80|0x0000000085000000, 0x0000000085100000, 0x0000000085100000|100%|HC|  |TAMS 0x0000000085100000, 0x0000000085000000| Complete 
|  81|0x0000000085100000, 0x0000000085200000, 0x0000000085200000|100%|HC|  |TAMS 0x0000000085200000, 0x0000000085100000| Complete 
|  82|0x0000000085200000, 0x0000000085300000, 0x0000000085300000|100%|HC|  |TAMS 0x0000000085300000, 0x0000000085200000| Complete 
|  83|0x0000000085300000, 0x0000000085400000, 0x0000000085400000|100%|HS|  |TAMS 0x0000000085400000, 0x0000000085300000| Complete 
|  84|0x0000000085400000, 0x0000000085500000, 0x0000000085500000|100%|HC|  |TAMS 0x0000000085500000, 0x0000000085400000| Complete 
|  85|0x0000000085500000, 0x0000000085600000, 0x0000000085600000|100%|HC|  |TAMS 0x0000000085600000, 0x0000000085500000| Complete 
|  86|0x0000000085600000, 0x0000000085700000, 0x0000000085700000|100%|HC|  |TAMS 0x0000000085700000, 0x0000000085600000| Complete 
|  87|0x0000000085700000, 0x0000000085800000, 0x0000000085800000|100%|HC|  |TAMS 0x0000000085800000, 0x0000000085700000| Complete 
|  88|0x0000000085800000, 0x0000000085900000, 0x0000000085900000|100%| O|  |TAMS 0x0000000085900000, 0x0000000085800000| Updating 
|  89|0x0000000085900000, 0x0000000085a00000, 0x0000000085a00000|100%| O|  |TAMS 0x0000000085a00000, 0x0000000085900000| Updating 
|  90|0x0000000085a00000, 0x0000000085b00000, 0x0000000085b00000|100%| O|  |TAMS 0x0000000085b00000, 0x0000000085a00000| Updating 
|  91|0x0000000085b00000, 0x0000000085c00000, 0x0000000085c00000|100%| O|  |TAMS 0x0000000085c00000, 0x0000000085b00000| Updating 
|  92|0x0000000085c00000, 0x0000000085d00000, 0x0000000085d00000|100%| O|  |TAMS 0x0000000085d00000, 0x0000000085c00000| Updating 
|  93|0x0000000085d00000, 0x0000000085e00000, 0x0000000085e00000|100%| O|  |TAMS 0x0000000085e00000, 0x0000000085d00000| Updating 
|  94|0x0000000085e00000, 0x0000000085f00000, 0x0000000085f00000|100%| O|  |TAMS 0x0000000085f00000, 0x0000000085e00000| Updating 
|  95|0x0000000085f00000, 0x0000000086000000, 0x0000000086000000|100%| O|  |TAMS 0x0000000086000000, 0x0000000085f00000| Updating 
|  96|0x0000000086000000, 0x0000000086100000, 0x0000000086100000|100%| O|  |TAMS 0x0000000086100000, 0x0000000086000000| Updating 
|  97|0x0000000086100000, 0x0000000086200000, 0x0000000086200000|100%| O|  |TAMS 0x0000000086200000, 0x0000000086100000| Updating 
|  98|0x0000000086200000, 0x0000000086300000, 0x0000000086300000|100%|HS|  |TAMS 0x0000000086300000, 0x0000000086200000| Complete 
|  99|0x0000000086300000, 0x0000000086400000, 0x0000000086400000|100%| O|  |TAMS 0x0000000086400000, 0x0000000086300000| Updating 
| 100|0x0000000086400000, 0x0000000086500000, 0x0000000086500000|100%| O|  |TAMS 0x0000000086500000, 0x0000000086400000| Updating 
| 101|0x0000000086500000, 0x0000000086600000, 0x0000000086600000|100%| O|  |TAMS 0x0000000086600000, 0x0000000086500000| Updating 
| 102|0x0000000086600000, 0x0000000086700000, 0x0000000086700000|100%| O|  |TAMS 0x0000000086700000, 0x0000000086600000| Updating 
| 103|0x0000000086700000, 0x0000000086800000, 0x0000000086800000|100%| O|  |TAMS 0x0000000086800000, 0x0000000086700000| Updating 
| 104|0x0000000086800000, 0x0000000086900000, 0x0000000086900000|100%| O|  |TAMS 0x0000000086800000, 0x0000000086800000| Untracked 
| 105|0x0000000086900000, 0x0000000086a00000, 0x0000000086a00000|100%| O|  |TAMS 0x0000000086a00000, 0x0000000086900000| Updating 
| 106|0x0000000086a00000, 0x0000000086b00000, 0x0000000086b00000|100%| O|  |TAMS 0x0000000086b00000, 0x0000000086a00000| Updating 
| 107|0x0000000086b00000, 0x0000000086c00000, 0x0000000086c00000|100%| O|  |TAMS 0x0000000086c00000, 0x0000000086b00000| Updating 
| 108|0x0000000086c00000, 0x0000000086d00000, 0x0000000086d00000|100%| O|  |TAMS 0x0000000086d00000, 0x0000000086c00000| Updating 
| 109|0x0000000086d00000, 0x0000000086e00000, 0x0000000086e00000|100%| O|  |TAMS 0x0000000086e00000, 0x0000000086d00000| Updating 
| 110|0x0000000086e00000, 0x0000000086f00000, 0x0000000086f00000|100%| O|  |TAMS 0x0000000086f00000, 0x0000000086e00000| Updating 
| 111|0x0000000086f00000, 0x0000000087000000, 0x0000000087000000|100%| O|  |TAMS 0x0000000087000000, 0x0000000086f00000| Updating 
| 112|0x0000000087000000, 0x0000000087100000, 0x0000000087100000|100%| O|  |TAMS 0x0000000087100000, 0x0000000087000000| Updating 
| 113|0x0000000087100000, 0x0000000087200000, 0x0000000087200000|100%| O|  |TAMS 0x0000000087200000, 0x0000000087100000| Updating 
| 114|0x0000000087200000, 0x0000000087300000, 0x0000000087300000|100%| O|  |TAMS 0x0000000087300000, 0x0000000087200000| Updating 
| 115|0x0000000087300000, 0x0000000087400000, 0x0000000087400000|100%| O|  |TAMS 0x0000000087400000, 0x0000000087300000| Updating 
| 116|0x0000000087400000, 0x0000000087500000, 0x0000000087500000|100%| O|  |TAMS 0x0000000087500000, 0x0000000087400000| Updating 
| 117|0x0000000087500000, 0x0000000087600000, 0x0000000087600000|100%| O|  |TAMS 0x0000000087600000, 0x0000000087500000| Updating 
| 118|0x0000000087600000, 0x0000000087700000, 0x0000000087700000|100%| O|  |TAMS 0x0000000087700000, 0x0000000087600000| Updating 
| 119|0x0000000087700000, 0x0000000087800000, 0x0000000087800000|100%| O|  |TAMS 0x0000000087800000, 0x0000000087700000| Updating 
| 120|0x0000000087800000, 0x0000000087900000, 0x0000000087900000|100%| O|  |TAMS 0x0000000087900000, 0x0000000087800000| Updating 
| 121|0x0000000087900000, 0x0000000087a00000, 0x0000000087a00000|100%| O|  |TAMS 0x0000000087a00000, 0x0000000087900000| Updating 
| 122|0x0000000087a00000, 0x0000000087b00000, 0x0000000087b00000|100%| O|  |TAMS 0x0000000087b00000, 0x0000000087a00000| Updating 
| 123|0x0000000087b00000, 0x0000000087c00000, 0x0000000087c00000|100%| O|  |TAMS 0x0000000087c00000, 0x0000000087b00000| Updating 
| 124|0x0000000087c00000, 0x0000000087d00000, 0x0000000087d00000|100%| O|  |TAMS 0x0000000087d00000, 0x0000000087c00000| Updating 
| 125|0x0000000087d00000, 0x0000000087e00000, 0x0000000087e00000|100%| O|  |TAMS 0x0000000087e00000, 0x0000000087d00000| Updating 
| 126|0x0000000087e00000, 0x0000000087f00000, 0x0000000087f00000|100%| O|  |TAMS 0x0000000087f00000, 0x0000000087e00000| Updating 
| 127|0x0000000087f00000, 0x0000000088000000, 0x0000000088000000|100%| O|  |TAMS 0x0000000088000000, 0x0000000087f00000| Updating 
| 128|0x0000000088000000, 0x0000000088100000, 0x0000000088100000|100%| O|  |TAMS 0x0000000088100000, 0x0000000088000000| Updating 
| 129|0x0000000088100000, 0x0000000088200000, 0x0000000088200000|100%| O|  |TAMS 0x0000000088200000, 0x0000000088100000| Updating 
| 130|0x0000000088200000, 0x0000000088300000, 0x0000000088300000|100%| O|  |TAMS 0x0000000088300000, 0x0000000088200000| Updating 
| 131|0x0000000088300000, 0x0000000088400000, 0x0000000088400000|100%| O|  |TAMS 0x0000000088400000, 0x0000000088300000| Updating 
| 132|0x0000000088400000, 0x0000000088500000, 0x0000000088500000|100%| O|  |TAMS 0x0000000088500000, 0x0000000088400000| Updating 
| 133|0x0000000088500000, 0x0000000088600000, 0x0000000088600000|100%|HS|  |TAMS 0x0000000088600000, 0x0000000088500000| Complete 
| 134|0x0000000088600000, 0x0000000088700000, 0x0000000088700000|100%|HC|  |TAMS 0x0000000088700000, 0x0000000088600000| Complete 
| 135|0x0000000088700000, 0x0000000088800000, 0x0000000088800000|100%| O|  |TAMS 0x0000000088800000, 0x0000000088700000| Updating 
| 136|0x0000000088800000, 0x0000000088900000, 0x0000000088900000|100%| O|  |TAMS 0x0000000088900000, 0x0000000088800000| Updating 
| 137|0x0000000088900000, 0x0000000088a00000, 0x0000000088a00000|100%| O|  |TAMS 0x0000000088a00000, 0x0000000088900000| Updating 
| 138|0x0000000088a00000, 0x0000000088b00000, 0x0000000088b00000|100%| O|  |TAMS 0x0000000088b00000, 0x0000000088a00000| Updating 
| 139|0x0000000088b00000, 0x0000000088c00000, 0x0000000088c00000|100%| O|  |TAMS 0x0000000088c00000, 0x0000000088b00000| Updating 
| 140|0x0000000088c00000, 0x0000000088d00000, 0x0000000088d00000|100%| O|  |TAMS 0x0000000088d00000, 0x0000000088c00000| Updating 
| 141|0x0000000088d00000, 0x0000000088e00000, 0x0000000088e00000|100%| O|  |TAMS 0x0000000088e00000, 0x0000000088d00000| Updating 
| 142|0x0000000088e00000, 0x0000000088f00000, 0x0000000088f00000|100%|HS|  |TAMS 0x0000000088f00000, 0x0000000088e00000| Complete 
| 143|0x0000000088f00000, 0x0000000089000000, 0x0000000089000000|100%| O|  |TAMS 0x0000000089000000, 0x0000000088f00000| Updating 
| 144|0x0000000089000000, 0x0000000089100000, 0x0000000089100000|100%| O|  |TAMS 0x0000000089100000, 0x0000000089000000| Updating 
| 145|0x0000000089100000, 0x0000000089200000, 0x0000000089200000|100%| O|  |TAMS 0x0000000089200000, 0x0000000089100000| Updating 
| 146|0x0000000089200000, 0x0000000089300000, 0x0000000089300000|100%| O|  |TAMS 0x0000000089300000, 0x0000000089200000| Updating 
| 147|0x0000000089300000, 0x0000000089400000, 0x0000000089400000|100%| O|  |TAMS 0x0000000089400000, 0x0000000089300000| Updating 
| 148|0x0000000089400000, 0x0000000089500000, 0x0000000089500000|100%| O|  |TAMS 0x0000000089500000, 0x0000000089400000| Updating 
| 149|0x0000000089500000, 0x0000000089600000, 0x0000000089600000|100%| O|  |TAMS 0x0000000089600000, 0x0000000089500000| Updating 
| 150|0x0000000089600000, 0x0000000089700000, 0x0000000089700000|100%| O|  |TAMS 0x0000000089700000, 0x0000000089600000| Updating 
| 151|0x0000000089700000, 0x0000000089800000, 0x0000000089800000|100%| O|  |TAMS 0x0000000089800000, 0x0000000089700000| Updating 
| 152|0x0000000089800000, 0x0000000089900000, 0x0000000089900000|100%| O|  |TAMS 0x0000000089900000, 0x0000000089800000| Updating 
| 153|0x0000000089900000, 0x0000000089a00000, 0x0000000089a00000|100%| O|  |TAMS 0x0000000089a00000, 0x0000000089900000| Updating 
| 154|0x0000000089a00000, 0x0000000089b00000, 0x0000000089b00000|100%| O|  |TAMS 0x0000000089b00000, 0x0000000089a00000| Updating 
| 155|0x0000000089b00000, 0x0000000089c00000, 0x0000000089c00000|100%| O|  |TAMS 0x0000000089c00000, 0x0000000089b00000| Updating 
| 156|0x0000000089c00000, 0x0000000089d00000, 0x0000000089d00000|100%| O|  |TAMS 0x0000000089d00000, 0x0000000089c00000| Updating 
| 157|0x0000000089d00000, 0x0000000089e00000, 0x0000000089e00000|100%| O|  |TAMS 0x0000000089e00000, 0x0000000089d00000| Updating 
| 158|0x0000000089e00000, 0x0000000089f00000, 0x0000000089f00000|100%| O|  |TAMS 0x0000000089f00000, 0x0000000089e00000| Updating 
| 159|0x0000000089f00000, 0x000000008a000000, 0x000000008a000000|100%| O|  |TAMS 0x000000008a000000, 0x0000000089f00000| Updating 
| 160|0x000000008a000000, 0x000000008a100000, 0x000000008a100000|100%| O|  |TAMS 0x000000008a100000, 0x000000008a000000| Updating 
| 161|0x000000008a100000, 0x000000008a200000, 0x000000008a200000|100%| O|  |TAMS 0x000000008a200000, 0x000000008a100000| Updating 
| 162|0x000000008a200000, 0x000000008a300000, 0x000000008a300000|100%| O|  |TAMS 0x000000008a300000, 0x000000008a200000| Updating 
| 163|0x000000008a300000, 0x000000008a400000, 0x000000008a400000|100%| O|  |TAMS 0x000000008a400000, 0x000000008a300000| Updating 
| 164|0x000000008a400000, 0x000000008a500000, 0x000000008a500000|100%| O|  |TAMS 0x000000008a500000, 0x000000008a400000| Updating 
| 165|0x000000008a500000, 0x000000008a600000, 0x000000008a600000|100%| O|  |TAMS 0x000000008a600000, 0x000000008a500000| Updating 
| 166|0x000000008a600000, 0x000000008a700000, 0x000000008a700000|100%| O|  |TAMS 0x000000008a700000, 0x000000008a600000| Updating 
| 167|0x000000008a700000, 0x000000008a800000, 0x000000008a800000|100%| O|  |TAMS 0x000000008a800000, 0x000000008a700000| Updating 
| 168|0x000000008a800000, 0x000000008a900000, 0x000000008a900000|100%| O|  |TAMS 0x000000008a900000, 0x000000008a800000| Updating 
| 169|0x000000008a900000, 0x000000008aa00000, 0x000000008aa00000|100%| O|  |TAMS 0x000000008aa00000, 0x000000008a900000| Updating 
| 170|0x000000008aa00000, 0x000000008ab00000, 0x000000008ab00000|100%| O|  |TAMS 0x000000008ab00000, 0x000000008aa00000| Updating 
| 171|0x000000008ab00000, 0x000000008ac00000, 0x000000008ac00000|100%| O|  |TAMS 0x000000008ac00000, 0x000000008ab00000| Updating 
| 172|0x000000008ac00000, 0x000000008ad00000, 0x000000008ad00000|100%| O|  |TAMS 0x000000008ad00000, 0x000000008ac00000| Updating 
| 173|0x000000008ad00000, 0x000000008ae00000, 0x000000008ae00000|100%| O|  |TAMS 0x000000008ae00000, 0x000000008ad00000| Updating 
| 174|0x000000008ae00000, 0x000000008af00000, 0x000000008af00000|100%| O|  |TAMS 0x000000008af00000, 0x000000008ae00000| Updating 
| 175|0x000000008af00000, 0x000000008b000000, 0x000000008b000000|100%| O|  |TAMS 0x000000008b000000, 0x000000008af00000| Updating 
| 176|0x000000008b000000, 0x000000008b100000, 0x000000008b100000|100%| O|  |TAMS 0x000000008b100000, 0x000000008b000000| Updating 
| 177|0x000000008b100000, 0x000000008b200000, 0x000000008b200000|100%| O|  |TAMS 0x000000008b200000, 0x000000008b100000| Updating 
| 178|0x000000008b200000, 0x000000008b300000, 0x000000008b300000|100%| O|  |TAMS 0x000000008b300000, 0x000000008b200000| Updating 
| 179|0x000000008b300000, 0x000000008b400000, 0x000000008b400000|100%|HS|  |TAMS 0x000000008b400000, 0x000000008b300000| Complete 
| 180|0x000000008b400000, 0x000000008b500000, 0x000000008b500000|100%| O|  |TAMS 0x000000008b500000, 0x000000008b400000| Updating 
| 181|0x000000008b500000, 0x000000008b600000, 0x000000008b600000|100%| O|  |TAMS 0x000000008b600000, 0x000000008b500000| Updating 
| 182|0x000000008b600000, 0x000000008b700000, 0x000000008b700000|100%| O|  |TAMS 0x000000008b700000, 0x000000008b600000| Updating 
| 183|0x000000008b700000, 0x000000008b800000, 0x000000008b800000|100%| O|  |TAMS 0x000000008b800000, 0x000000008b700000| Updating 
| 184|0x000000008b800000, 0x000000008b900000, 0x000000008b900000|100%| O|  |TAMS 0x000000008b900000, 0x000000008b800000| Updating 
| 185|0x000000008b900000, 0x000000008ba00000, 0x000000008ba00000|100%| O|  |TAMS 0x000000008b900000, 0x000000008b900000| Untracked 
| 186|0x000000008ba00000, 0x000000008bb00000, 0x000000008bb00000|100%| O|  |TAMS 0x000000008bb00000, 0x000000008ba00000| Updating 
| 187|0x000000008bb00000, 0x000000008bc00000, 0x000000008bc00000|100%| O|  |TAMS 0x000000008bc00000, 0x000000008bb00000| Updating 
| 188|0x000000008bc00000, 0x000000008bd00000, 0x000000008bd00000|100%| O|  |TAMS 0x000000008bd00000, 0x000000008bc00000| Updating 
| 189|0x000000008bd00000, 0x000000008be00000, 0x000000008be00000|100%| O|  |TAMS 0x000000008bd00000, 0x000000008bd00000| Untracked 
| 190|0x000000008be00000, 0x000000008bf00000, 0x000000008bf00000|100%| O|  |TAMS 0x000000008be00000, 0x000000008be00000| Untracked 
| 191|0x000000008bf00000, 0x000000008c000000, 0x000000008c000000|100%| O|  |TAMS 0x000000008c000000, 0x000000008bf00000| Updating 
| 192|0x000000008c000000, 0x000000008c100000, 0x000000008c100000|100%| O|  |TAMS 0x000000008c000000, 0x000000008c000000| Untracked 
| 193|0x000000008c100000, 0x000000008c200000, 0x000000008c200000|100%| O|  |TAMS 0x000000008c200000, 0x000000008c100000| Updating 
| 194|0x000000008c200000, 0x000000008c300000, 0x000000008c300000|100%| O|  |TAMS 0x000000008c200000, 0x000000008c200000| Untracked 
| 195|0x000000008c300000, 0x000000008c400000, 0x000000008c400000|100%| O|  |TAMS 0x000000008c400000, 0x000000008c300000| Updating 
| 196|0x000000008c400000, 0x000000008c500000, 0x000000008c500000|100%| O|  |TAMS 0x000000008c500000, 0x000000008c400000| Updating 
| 197|0x000000008c500000, 0x000000008c600000, 0x000000008c600000|100%| O|  |TAMS 0x000000008c600000, 0x000000008c500000| Updating 
| 198|0x000000008c600000, 0x000000008c700000, 0x000000008c700000|100%| O|  |TAMS 0x000000008c700000, 0x000000008c600000| Updating 
| 199|0x000000008c700000, 0x000000008c800000, 0x000000008c800000|100%| O|  |TAMS 0x000000008c800000, 0x000000008c700000| Updating 
| 200|0x000000008c800000, 0x000000008c900000, 0x000000008c900000|100%| O|  |TAMS 0x000000008c900000, 0x000000008c800000| Updating 
| 201|0x000000008c900000, 0x000000008ca00000, 0x000000008ca00000|100%| O|  |TAMS 0x000000008ca00000, 0x000000008c900000| Updating 
| 202|0x000000008ca00000, 0x000000008cb00000, 0x000000008cb00000|100%| O|  |TAMS 0x000000008cb00000, 0x000000008ca00000| Updating 
| 203|0x000000008cb00000, 0x000000008cc00000, 0x000000008cc00000|100%| O|  |TAMS 0x000000008cc00000, 0x000000008cb00000| Updating 
| 204|0x000000008cc00000, 0x000000008cd00000, 0x000000008cd00000|100%| O|  |TAMS 0x000000008cd00000, 0x000000008cc00000| Updating 
| 205|0x000000008cd00000, 0x000000008ce00000, 0x000000008ce00000|100%| O|  |TAMS 0x000000008ce00000, 0x000000008cd00000| Updating 
| 206|0x000000008ce00000, 0x000000008cf00000, 0x000000008cf00000|100%| O|  |TAMS 0x000000008cf00000, 0x000000008ce00000| Updating 
| 207|0x000000008cf00000, 0x000000008d000000, 0x000000008d000000|100%| O|  |TAMS 0x000000008d000000, 0x000000008cf00000| Updating 
| 208|0x000000008d000000, 0x000000008d100000, 0x000000008d100000|100%| O|  |TAMS 0x000000008d100000, 0x000000008d000000| Updating 
| 209|0x000000008d100000, 0x000000008d200000, 0x000000008d200000|100%| O|  |TAMS 0x000000008d200000, 0x000000008d100000| Updating 
| 210|0x000000008d200000, 0x000000008d300000, 0x000000008d300000|100%| O|  |TAMS 0x000000008d300000, 0x000000008d200000| Updating 
| 211|0x000000008d300000, 0x000000008d400000, 0x000000008d400000|100%| O|  |TAMS 0x000000008d400000, 0x000000008d300000| Updating 
| 212|0x000000008d400000, 0x000000008d500000, 0x000000008d500000|100%| O|  |TAMS 0x000000008d500000, 0x000000008d400000| Updating 
| 213|0x000000008d500000, 0x000000008d600000, 0x000000008d600000|100%| O|  |TAMS 0x000000008d600000, 0x000000008d500000| Updating 
| 214|0x000000008d600000, 0x000000008d700000, 0x000000008d700000|100%| O|  |TAMS 0x000000008d700000, 0x000000008d600000| Updating 
| 215|0x000000008d700000, 0x000000008d800000, 0x000000008d800000|100%| O|  |TAMS 0x000000008d800000, 0x000000008d700000| Updating 
| 216|0x000000008d800000, 0x000000008d900000, 0x000000008d900000|100%| O|  |TAMS 0x000000008d900000, 0x000000008d800000| Updating 
| 217|0x000000008d900000, 0x000000008da00000, 0x000000008da00000|100%| O|  |TAMS 0x000000008da00000, 0x000000008d900000| Updating 
| 218|0x000000008da00000, 0x000000008db00000, 0x000000008db00000|100%| O|  |TAMS 0x000000008db00000, 0x000000008da00000| Updating 
| 219|0x000000008db00000, 0x000000008dc00000, 0x000000008dc00000|100%| O|  |TAMS 0x000000008dc00000, 0x000000008db00000| Updating 
| 220|0x000000008dc00000, 0x000000008dd00000, 0x000000008dd00000|100%| O|  |TAMS 0x000000008dd00000, 0x000000008dc00000| Updating 
| 221|0x000000008dd00000, 0x000000008de00000, 0x000000008de00000|100%| O|  |TAMS 0x000000008de00000, 0x000000008dd00000| Updating 
| 222|0x000000008de00000, 0x000000008df00000, 0x000000008df00000|100%| O|  |TAMS 0x000000008df00000, 0x000000008de00000| Updating 
| 223|0x000000008df00000, 0x000000008e000000, 0x000000008e000000|100%| O|  |TAMS 0x000000008e000000, 0x000000008df00000| Updating 
| 224|0x000000008e000000, 0x000000008e100000, 0x000000008e100000|100%| O|  |TAMS 0x000000008e100000, 0x000000008e000000| Updating 
| 225|0x000000008e100000, 0x000000008e200000, 0x000000008e200000|100%| O|  |TAMS 0x000000008e200000, 0x000000008e100000| Updating 
| 226|0x000000008e200000, 0x000000008e300000, 0x000000008e300000|100%| O|  |TAMS 0x000000008e300000, 0x000000008e200000| Updating 
| 227|0x000000008e300000, 0x000000008e400000, 0x000000008e400000|100%| O|  |TAMS 0x000000008e400000, 0x000000008e300000| Updating 
| 228|0x000000008e400000, 0x000000008e500000, 0x000000008e500000|100%| O|  |TAMS 0x000000008e500000, 0x000000008e400000| Updating 
| 229|0x000000008e500000, 0x000000008e600000, 0x000000008e600000|100%| O|  |TAMS 0x000000008e600000, 0x000000008e500000| Updating 
| 230|0x000000008e600000, 0x000000008e700000, 0x000000008e700000|100%| O|  |TAMS 0x000000008e680000, 0x000000008e600000| Updating 
| 231|0x000000008e700000, 0x000000008e700000, 0x000000008e800000|  0%| F|  |TAMS 0x000000008e700000, 0x000000008e700000| Untracked 
| 232|0x000000008e800000, 0x000000008e800000, 0x000000008e900000|  0%| F|  |TAMS 0x000000008e800000, 0x000000008e800000| Untracked 
| 233|0x000000008e900000, 0x000000008e900000, 0x000000008ea00000|  0%| F|  |TAMS 0x000000008e900000, 0x000000008e900000| Untracked 
| 234|0x000000008ea00000, 0x000000008ea00000, 0x000000008eb00000|  0%| F|  |TAMS 0x000000008ea00000, 0x000000008ea00000| Untracked 
| 235|0x000000008eb00000, 0x000000008eb00000, 0x000000008ec00000|  0%| F|  |TAMS 0x000000008eb00000, 0x000000008eb00000| Untracked 
| 236|0x000000008ec00000, 0x000000008ec00000, 0x000000008ed00000|  0%| F|  |TAMS 0x000000008ec00000, 0x000000008ec00000| Untracked 
| 237|0x000000008ed00000, 0x000000008ed00000, 0x000000008ee00000|  0%| F|  |TAMS 0x000000008ed00000, 0x000000008ed00000| Untracked 
| 238|0x000000008ee00000, 0x000000008ee00000, 0x000000008ef00000|  0%| F|  |TAMS 0x000000008ee00000, 0x000000008ee00000| Untracked 
| 239|0x000000008ef00000, 0x000000008ef00000, 0x000000008f000000|  0%| F|  |TAMS 0x000000008ef00000, 0x000000008ef00000| Untracked 
| 240|0x000000008f000000, 0x000000008f000000, 0x000000008f100000|  0%| F|  |TAMS 0x000000008f000000, 0x000000008f000000| Untracked 
| 241|0x000000008f100000, 0x000000008f100000, 0x000000008f200000|  0%| F|  |TAMS 0x000000008f100000, 0x000000008f100000| Untracked 
| 242|0x000000008f200000, 0x000000008f200000, 0x000000008f300000|  0%| F|  |TAMS 0x000000008f200000, 0x000000008f200000| Untracked 
| 243|0x000000008f300000, 0x000000008f300000, 0x000000008f400000|  0%| F|  |TAMS 0x000000008f300000, 0x000000008f300000| Untracked 
| 244|0x000000008f400000, 0x000000008f400000, 0x000000008f500000|  0%| F|  |TAMS 0x000000008f400000, 0x000000008f400000| Untracked 
| 245|0x000000008f500000, 0x000000008f500000, 0x000000008f600000|  0%| F|  |TAMS 0x000000008f500000, 0x000000008f500000| Untracked 
| 246|0x000000008f600000, 0x000000008f600000, 0x000000008f700000|  0%| F|  |TAMS 0x000000008f600000, 0x000000008f600000| Untracked 
| 247|0x000000008f700000, 0x000000008f700000, 0x000000008f800000|  0%| F|  |TAMS 0x000000008f700000, 0x000000008f700000| Untracked 
| 248|0x000000008f800000, 0x000000008f800000, 0x000000008f900000|  0%| F|  |TAMS 0x000000008f800000, 0x000000008f800000| Untracked 
| 249|0x000000008f900000, 0x000000008f900000, 0x000000008fa00000|  0%| F|  |TAMS 0x000000008f900000, 0x000000008f900000| Untracked 
| 250|0x000000008fa00000, 0x000000008fa00000, 0x000000008fb00000|  0%| F|  |TAMS 0x000000008fa00000, 0x000000008fa00000| Untracked 
| 251|0x000000008fb00000, 0x000000008fb00000, 0x000000008fc00000|  0%| F|  |TAMS 0x000000008fb00000, 0x000000008fb00000| Untracked 
| 252|0x000000008fc00000, 0x000000008fc00000, 0x000000008fd00000|  0%| F|  |TAMS 0x000000008fc00000, 0x000000008fc00000| Untracked 
| 253|0x000000008fd00000, 0x000000008fd00000, 0x000000008fe00000|  0%| F|  |TAMS 0x000000008fd00000, 0x000000008fd00000| Untracked 
| 254|0x000000008fe00000, 0x000000008fe00000, 0x000000008ff00000|  0%| F|  |TAMS 0x000000008fe00000, 0x000000008fe00000| Untracked 
| 255|0x000000008ff00000, 0x000000008ff00000, 0x0000000090000000|  0%| F|  |TAMS 0x000000008ff00000, 0x000000008ff00000| Untracked 
| 256|0x0000000090000000, 0x0000000090000000, 0x0000000090100000|  0%| F|  |TAMS 0x0000000090000000, 0x0000000090000000| Untracked 
| 257|0x0000000090100000, 0x0000000090100000, 0x0000000090200000|  0%| F|  |TAMS 0x0000000090100000, 0x0000000090100000| Untracked 
| 258|0x0000000090200000, 0x0000000090200000, 0x0000000090300000|  0%| F|  |TAMS 0x0000000090200000, 0x0000000090200000| Untracked 
| 259|0x0000000090300000, 0x0000000090300000, 0x0000000090400000|  0%| F|  |TAMS 0x0000000090300000, 0x0000000090300000| Untracked 
| 260|0x0000000090400000, 0x0000000090400000, 0x0000000090500000|  0%| F|  |TAMS 0x0000000090400000, 0x0000000090400000| Untracked 
| 261|0x0000000090500000, 0x0000000090500000, 0x0000000090600000|  0%| F|  |TAMS 0x0000000090500000, 0x0000000090500000| Untracked 
| 262|0x0000000090600000, 0x0000000090600000, 0x0000000090700000|  0%| F|  |TAMS 0x0000000090600000, 0x0000000090600000| Untracked 
| 263|0x0000000090700000, 0x0000000090700000, 0x0000000090800000|  0%| F|  |TAMS 0x0000000090700000, 0x0000000090700000| Untracked 
| 264|0x0000000090800000, 0x0000000090800000, 0x0000000090900000|  0%| F|  |TAMS 0x0000000090800000, 0x0000000090800000| Untracked 
| 265|0x0000000090900000, 0x0000000090900000, 0x0000000090a00000|  0%| F|  |TAMS 0x0000000090900000, 0x0000000090900000| Untracked 
| 266|0x0000000090a00000, 0x0000000090a00000, 0x0000000090b00000|  0%| F|  |TAMS 0x0000000090a00000, 0x0000000090a00000| Untracked 
| 267|0x0000000090b00000, 0x0000000090b00000, 0x0000000090c00000|  0%| F|  |TAMS 0x0000000090b00000, 0x0000000090b00000| Untracked 
| 268|0x0000000090c00000, 0x0000000090c00000, 0x0000000090d00000|  0%| F|  |TAMS 0x0000000090c00000, 0x0000000090c00000| Untracked 
| 269|0x0000000090d00000, 0x0000000090d00000, 0x0000000090e00000|  0%| F|  |TAMS 0x0000000090d00000, 0x0000000090d00000| Untracked 
| 270|0x0000000090e00000, 0x0000000090e00000, 0x0000000090f00000|  0%| F|  |TAMS 0x0000000090e00000, 0x0000000090e00000| Untracked 
| 271|0x0000000090f00000, 0x0000000090f00000, 0x0000000091000000|  0%| F|  |TAMS 0x0000000090f00000, 0x0000000090f00000| Untracked 
| 272|0x0000000091000000, 0x0000000091000000, 0x0000000091100000|  0%| F|  |TAMS 0x0000000091000000, 0x0000000091000000| Untracked 
| 273|0x0000000091100000, 0x0000000091100000, 0x0000000091200000|  0%| F|  |TAMS 0x0000000091100000, 0x0000000091100000| Untracked 
| 274|0x0000000091200000, 0x0000000091200000, 0x0000000091300000|  0%| F|  |TAMS 0x0000000091200000, 0x0000000091200000| Untracked 
| 275|0x0000000091300000, 0x0000000091300000, 0x0000000091400000|  0%| F|  |TAMS 0x0000000091300000, 0x0000000091300000| Untracked 
| 276|0x0000000091400000, 0x0000000091400000, 0x0000000091500000|  0%| F|  |TAMS 0x0000000091400000, 0x0000000091400000| Untracked 
| 277|0x0000000091500000, 0x0000000091500000, 0x0000000091600000|  0%| F|  |TAMS 0x0000000091500000, 0x0000000091500000| Untracked 
| 278|0x0000000091600000, 0x0000000091600000, 0x0000000091700000|  0%| F|  |TAMS 0x0000000091600000, 0x0000000091600000| Untracked 
| 279|0x0000000091700000, 0x0000000091700000, 0x0000000091800000|  0%| F|  |TAMS 0x0000000091700000, 0x0000000091700000| Untracked 
| 280|0x0000000091800000, 0x0000000091800000, 0x0000000091900000|  0%| F|  |TAMS 0x0000000091800000, 0x0000000091800000| Untracked 
| 281|0x0000000091900000, 0x0000000091900000, 0x0000000091a00000|  0%| F|  |TAMS 0x0000000091900000, 0x0000000091900000| Untracked 
| 282|0x0000000091a00000, 0x0000000091a00000, 0x0000000091b00000|  0%| F|  |TAMS 0x0000000091a00000, 0x0000000091a00000| Untracked 
| 283|0x0000000091b00000, 0x0000000091b00000, 0x0000000091c00000|  0%| F|  |TAMS 0x0000000091b00000, 0x0000000091b00000| Untracked 
| 284|0x0000000091c00000, 0x0000000091c00000, 0x0000000091d00000|  0%| F|  |TAMS 0x0000000091c00000, 0x0000000091c00000| Untracked 
| 285|0x0000000091d00000, 0x0000000091d00000, 0x0000000091e00000|  0%| F|  |TAMS 0x0000000091d00000, 0x0000000091d00000| Untracked 
| 286|0x0000000091e00000, 0x0000000091e00000, 0x0000000091f00000|  0%| F|  |TAMS 0x0000000091e00000, 0x0000000091e00000| Untracked 
| 287|0x0000000091f00000, 0x0000000091f00000, 0x0000000092000000|  0%| F|  |TAMS 0x0000000091f00000, 0x0000000091f00000| Untracked 
| 288|0x0000000092000000, 0x0000000092000000, 0x0000000092100000|  0%| F|  |TAMS 0x0000000092000000, 0x0000000092000000| Untracked 
| 289|0x0000000092100000, 0x00000000921a2050, 0x0000000092200000| 63%| S|CS|TAMS 0x0000000092100000, 0x0000000092100000| Complete 
| 290|0x0000000092200000, 0x0000000092300000, 0x0000000092300000|100%| S|CS|TAMS 0x0000000092200000, 0x0000000092200000| Complete 
| 291|0x0000000092300000, 0x0000000092400000, 0x0000000092400000|100%| S|CS|TAMS 0x0000000092300000, 0x0000000092300000| Complete 
| 292|0x0000000092400000, 0x0000000092500000, 0x0000000092500000|100%| S|CS|TAMS 0x0000000092400000, 0x0000000092400000| Complete 
| 293|0x0000000092500000, 0x0000000092500000, 0x0000000092600000|  0%| F|  |TAMS 0x0000000092500000, 0x0000000092500000| Untracked 
| 294|0x0000000092600000, 0x0000000092600000, 0x0000000092700000|  0%| F|  |TAMS 0x0000000092600000, 0x0000000092600000| Untracked 
| 295|0x0000000092700000, 0x0000000092700000, 0x0000000092800000|  0%| F|  |TAMS 0x0000000092700000, 0x0000000092700000| Untracked 
| 296|0x0000000092800000, 0x0000000092800000, 0x0000000092900000|  0%| F|  |TAMS 0x0000000092800000, 0x0000000092800000| Untracked 
| 297|0x0000000092900000, 0x0000000092900000, 0x0000000092a00000|  0%| F|  |TAMS 0x0000000092900000, 0x0000000092900000| Untracked 
| 298|0x0000000092a00000, 0x0000000092a00000, 0x0000000092b00000|  0%| F|  |TAMS 0x0000000092a00000, 0x0000000092a00000| Untracked 
| 299|0x0000000092b00000, 0x0000000092b00000, 0x0000000092c00000|  0%| F|  |TAMS 0x0000000092b00000, 0x0000000092b00000| Untracked 
| 300|0x0000000092c00000, 0x0000000092c00000, 0x0000000092d00000|  0%| F|  |TAMS 0x0000000092c00000, 0x0000000092c00000| Untracked 
| 301|0x0000000092d00000, 0x0000000092d00000, 0x0000000092e00000|  0%| F|  |TAMS 0x0000000092d00000, 0x0000000092d00000| Untracked 
| 302|0x0000000092e00000, 0x0000000092e00000, 0x0000000092f00000|  0%| F|  |TAMS 0x0000000092e00000, 0x0000000092e00000| Untracked 
| 303|0x0000000092f00000, 0x0000000092f00000, 0x0000000093000000|  0%| F|  |TAMS 0x0000000092f00000, 0x0000000092f00000| Untracked 
| 304|0x0000000093000000, 0x0000000093000000, 0x0000000093100000|  0%| F|  |TAMS 0x0000000093000000, 0x0000000093000000| Untracked 
| 305|0x0000000093100000, 0x0000000093100000, 0x0000000093200000|  0%| F|  |TAMS 0x0000000093100000, 0x0000000093100000| Untracked 
| 306|0x0000000093200000, 0x0000000093200000, 0x0000000093300000|  0%| F|  |TAMS 0x0000000093200000, 0x0000000093200000| Untracked 
| 307|0x0000000093300000, 0x0000000093300000, 0x0000000093400000|  0%| F|  |TAMS 0x0000000093300000, 0x0000000093300000| Untracked 
| 308|0x0000000093400000, 0x0000000093400000, 0x0000000093500000|  0%| F|  |TAMS 0x0000000093400000, 0x0000000093400000| Untracked 
| 309|0x0000000093500000, 0x0000000093500000, 0x0000000093600000|  0%| F|  |TAMS 0x0000000093500000, 0x0000000093500000| Untracked 
| 310|0x0000000093600000, 0x0000000093600000, 0x0000000093700000|  0%| F|  |TAMS 0x0000000093600000, 0x0000000093600000| Untracked 
| 311|0x0000000093700000, 0x0000000093700000, 0x0000000093800000|  0%| F|  |TAMS 0x0000000093700000, 0x0000000093700000| Untracked 
| 312|0x0000000093800000, 0x0000000093800000, 0x0000000093900000|  0%| F|  |TAMS 0x0000000093800000, 0x0000000093800000| Untracked 
| 313|0x0000000093900000, 0x0000000093900000, 0x0000000093a00000|  0%| F|  |TAMS 0x0000000093900000, 0x0000000093900000| Untracked 
| 314|0x0000000093a00000, 0x0000000093a00000, 0x0000000093b00000|  0%| F|  |TAMS 0x0000000093a00000, 0x0000000093a00000| Untracked 
| 315|0x0000000093b00000, 0x0000000093b00000, 0x0000000093c00000|  0%| F|  |TAMS 0x0000000093b00000, 0x0000000093b00000| Untracked 
| 316|0x0000000093c00000, 0x0000000093c00000, 0x0000000093d00000|  0%| F|  |TAMS 0x0000000093c00000, 0x0000000093c00000| Untracked 
| 317|0x0000000093d00000, 0x0000000093d00000, 0x0000000093e00000|  0%| F|  |TAMS 0x0000000093d00000, 0x0000000093d00000| Untracked 
| 318|0x0000000093e00000, 0x0000000093e00000, 0x0000000093f00000|  0%| F|  |TAMS 0x0000000093e00000, 0x0000000093e00000| Untracked 
| 319|0x0000000093f00000, 0x0000000093f00000, 0x0000000094000000|  0%| F|  |TAMS 0x0000000093f00000, 0x0000000093f00000| Untracked 
| 320|0x0000000094000000, 0x0000000094000000, 0x0000000094100000|  0%| F|  |TAMS 0x0000000094000000, 0x0000000094000000| Untracked 

Card table byte_map: [0x0000029a9a980000,0x0000029a9ad80000] _byte_map_base: 0x0000029a9a580000

Marking Bits (Prev, Next): (CMBitMap*) 0x0000029a85ce28f0, (CMBitMap*) 0x0000029a85ce28b8
 Prev Bits: [0x0000029a9d180000, 0x0000029a9f180000)
 Next Bits: [0x0000029a9b180000, 0x0000029a9d180000)

Polling page: 0x0000029a85ac0000

Metaspace:

Usage:
  Non-class:    194.81 MB capacity,   190.69 MB ( 98%) used,     3.44 MB (  2%) free+waste,   689.19 KB ( <1%) overhead. 
      Class:     29.16 MB capacity,    26.94 MB ( 92%) used,     1.93 MB (  7%) free+waste,   301.63 KB (  1%) overhead. 
       Both:    223.97 MB capacity,   217.63 MB ( 97%) used,     5.38 MB (  2%) free+waste,   990.81 KB ( <1%) overhead. 

Virtual space:
  Non-class space:      196.00 MB reserved,     195.00 MB (>99%) committed 
      Class space:        1.00 GB reserved,      29.20 MB (  3%) committed 
             Both:        1.19 GB reserved,     224.20 MB ( 18%) committed 

Chunk freelists:
   Non-Class:  5.00 KB
       Class:  0 bytes
        Both:  5.00 KB

MaxMetaspaceSize: 17179869184.00 GB
CompressedClassSpaceSize: 1.00 GB

CodeHeap 'non-profiled nmethods': size=120064Kb used=20418Kb max_used=20526Kb free=99645Kb
 bounds [0x0000029a92a20000, 0x0000029a93e30000, 0x0000029a99f60000]
CodeHeap 'profiled nmethods': size=120000Kb used=67942Kb max_used=67942Kb free=52057Kb
 bounds [0x0000029a8b4f0000, 0x0000029a8f790000, 0x0000029a92a20000]
CodeHeap 'non-nmethods': size=5696Kb used=2467Kb max_used=2538Kb free=3228Kb
 bounds [0x0000029a8af60000, 0x0000029a8b1f0000, 0x0000029a8b4f0000]
 total_blobs=30834 nmethods=29699 adapters=1044
 compilation: enabled
              stopped_count=0, restarted_count=0
 full_count=0

Compilation events (20 events):
Event: 973.955 Thread 0x0000029aa17b0000 34419       3       com.android.tools.r8.dex.z$g$$Lambda$2766/0x0000000101d1e440::apply (15 bytes)
Event: 973.956 Thread 0x0000029aa17b0000 nmethod 34419 0x0000029a8f77da10 code [0x0000029a8f77dc00, 0x0000029a8f77dfe8]
Event: 973.956 Thread 0x0000029aa17b0000 34420       3       com.android.tools.r8.dex.z$g$$Lambda$2768/0x0000000101d1dc40::apply (15 bytes)
Event: 973.956 Thread 0x0000029aa17b0000 nmethod 34420 0x0000029a8f77e190 code [0x0000029a8f77e380, 0x0000029a8f77e768]
Event: 973.957 Thread 0x0000029aa17b0000 34421       3       com.android.tools.r8.dex.z$g$$Lambda$2769/0x0000000101d1d040::apply (15 bytes)
Event: 973.957 Thread 0x0000029aa17b0000 nmethod 34421 0x0000029a8f77e910 code [0x0000029a8f77eb00, 0x0000029a8f77ef08]
Event: 973.958 Thread 0x0000029aa17b0000 34423       3       com.android.tools.r8.code.e3::a (1 bytes)
Event: 973.958 Thread 0x0000029aa17b0000 nmethod 34423 0x0000029a8f77f090 code [0x0000029a8f77f240, 0x0000029a8f77f338]
Event: 973.961 Thread 0x0000029aa17b0000 34426       2       com.android.tools.r8.code.d3::a (1 bytes)
Event: 973.962 Thread 0x0000029aa17b0000 nmethod 34426 0x0000029a8f77f410 code [0x0000029a8f77f5c0, 0x0000029a8f77f6b8]
Event: 973.962 Thread 0x0000029aa17b0000 34427       2       com.android.tools.r8.code.H2::a (13 bytes)
Event: 973.962 Thread 0x0000029aa17b0000 nmethod 34427 0x0000029a8f77f790 code [0x0000029a8f77f980, 0x0000029a8f77fb98]
Event: 973.963 Thread 0x0000029aa17b0000 34428       2       com.android.tools.r8.code.H1::H (4 bytes)
Event: 973.963 Thread 0x0000029aa17ac000 nmethod 34413 0x0000029a9365c890 code [0x0000029a9365ca40, 0x0000029a9365cf18]
Event: 973.963 Thread 0x0000029aa17b0000 nmethod 34428 0x0000029a8f77fd90 code [0x0000029a8f77ff40, 0x0000029a8f780038]
Event: 973.963 Thread 0x0000029aa17ac000 34422 %     4       java.util.IdentityHashMap::resize @ 104 (153 bytes)
Event: 973.963 Thread 0x0000029aa17b0000 34429       3       com.android.tools.r8.code.N1::H (4 bytes)
Event: 973.963 Thread 0x0000029aa17b0000 nmethod 34429 0x0000029a8f780110 code [0x0000029a8f7802c0, 0x0000029a8f7803d8]
Event: 973.964 Thread 0x0000029aa17b0000 34430       3       com.android.tools.r8.code.o3::a (13 bytes)
Event: 973.965 Thread 0x0000029aa17b0000 nmethod 34430 0x0000029a8f780490 code [0x0000029a8f7806a0, 0x0000029a8f780ef8]

GC Heap History (20 events):
Event: 968.762 GC heap after
{Heap after GC invocations=118 (full 0):
 garbage-first heap   total 273408K, used 196030K [0x0000000080000000, 0x0000000100000000)
  region size 1024K, 1 young (1024K), 1 survivors (1024K)
 Metaspace       used 209690K, capacity 215849K, committed 216140K, reserved 1236992K
  class space    used 25760K, capacity 27897K, committed 27980K, reserved 1048576K
}
Event: 969.104 GC heap before
{Heap before GC invocations=118 (full 0):
 garbage-first heap   total 273408K, used 225726K [0x0000000080000000, 0x0000000100000000)
  region size 1024K, 31 young (31744K), 1 survivors (1024K)
 Metaspace       used 211705K, capacity 217838K, committed 218060K, reserved 1239040K
  class space    used 25944K, capacity 28069K, committed 28108K, reserved 1048576K
}
Event: 969.113 GC heap after
{Heap after GC invocations=119 (full 0):
 garbage-first heap   total 273408K, used 200704K [0x0000000080000000, 0x0000000100000000)
  region size 1024K, 4 young (4096K), 4 survivors (4096K)
 Metaspace       used 211705K, capacity 217838K, committed 218060K, reserved 1239040K
  class space    used 25944K, capacity 28069K, committed 28108K, reserved 1048576K
}
Event: 969.875 GC heap before
{Heap before GC invocations=120 (full 0):
 garbage-first heap   total 273408K, used 218112K [0x0000000080000000, 0x0000000100000000)
  region size 1024K, 32 young (32768K), 4 survivors (4096K)
 Metaspace       used 212376K, capacity 218552K, committed 218700K, reserved 1239040K
  class space    used 25993K, capacity 28135K, committed 28236K, reserved 1048576K
}
Event: 969.889 GC heap after
{Heap after GC invocations=121 (full 0):
 garbage-first heap   total 273408K, used 190990K [0x0000000080000000, 0x0000000100000000)
  region size 1024K, 3 young (3072K), 3 survivors (3072K)
 Metaspace       used 212376K, capacity 218552K, committed 218700K, reserved 1239040K
  class space    used 25993K, capacity 28135K, committed 28236K, reserved 1048576K
}
Event: 969.999 GC heap before
{Heap before GC invocations=121 (full 0):
 garbage-first heap   total 273408K, used 201230K [0x0000000080000000, 0x0000000100000000)
  region size 1024K, 13 young (13312K), 3 survivors (3072K)
 Metaspace       used 212379K, capacity 218552K, committed 218700K, reserved 1239040K
  class space    used 25993K, capacity 28135K, committed 28236K, reserved 1048576K
}
Event: 970.012 GC heap after
{Heap after GC invocations=122 (full 0):
 garbage-first heap   total 273408K, used 181520K [0x0000000080000000, 0x0000000100000000)
  region size 1024K, 1 young (1024K), 1 survivors (1024K)
 Metaspace       used 212379K, capacity 218552K, committed 218700K, reserved 1239040K
  class space    used 25993K, capacity 28135K, committed 28236K, reserved 1048576K
}
Event: 970.477 GC heap before
{Heap before GC invocations=122 (full 0):
 garbage-first heap   total 273408K, used 214288K [0x0000000080000000, 0x0000000100000000)
  region size 1024K, 35 young (35840K), 1 survivors (1024K)
 Metaspace       used 212908K, capacity 219047K, committed 219212K, reserved 1241088K
  class space    used 26035K, capacity 28170K, committed 28236K, reserved 1048576K
}
Event: 970.484 GC heap after
{Heap after GC invocations=123 (full 0):
 garbage-first heap   total 328704K, used 181290K [0x0000000080000000, 0x0000000100000000)
  region size 1024K, 1 young (1024K), 1 survivors (1024K)
 Metaspace       used 212908K, capacity 219047K, committed 219212K, reserved 1241088K
  class space    used 26035K, capacity 28170K, committed 28236K, reserved 1048576K
}
Event: 971.624 GC heap before
{Heap before GC invocations=124 (full 0):
 garbage-first heap   total 328704K, used 259114K [0x0000000080000000, 0x0000000100000000)
  region size 1024K, 70 young (71680K), 1 survivors (1024K)
 Metaspace       used 215472K, capacity 221604K, committed 221900K, reserved 1243136K
  class space    used 26367K, capacity 28532K, committed 28620K, reserved 1048576K
}
Event: 971.635 GC heap after
{Heap after GC invocations=125 (full 0):
 garbage-first heap   total 328704K, used 192990K [0x0000000080000000, 0x0000000100000000)
  region size 1024K, 8 young (8192K), 8 survivors (8192K)
 Metaspace       used 215472K, capacity 221604K, committed 221900K, reserved 1243136K
  class space    used 26367K, capacity 28532K, committed 28620K, reserved 1048576K
}
Event: 971.700 GC heap before
{Heap before GC invocations=125 (full 0):
 garbage-first heap   total 328704K, used 201182K [0x0000000080000000, 0x0000000100000000)
  region size 1024K, 16 young (16384K), 8 survivors (8192K)
 Metaspace       used 216256K, capacity 222400K, committed 222540K, reserved 1243136K
  class space    used 26483K, capacity 28647K, committed 28748K, reserved 1048576K
}
Event: 971.708 GC heap after
{Heap after GC invocations=126 (full 0):
 garbage-first heap   total 328704K, used 190992K [0x0000000080000000, 0x0000000100000000)
  region size 1024K, 1 young (1024K), 1 survivors (1024K)
 Metaspace       used 216256K, capacity 222400K, committed 222540K, reserved 1243136K
  class space    used 26483K, capacity 28647K, committed 28748K, reserved 1048576K
}
Event: 972.202 GC heap before
{Heap before GC invocations=126 (full 0):
 garbage-first heap   total 328704K, used 269840K [0x0000000080000000, 0x0000000100000000)
  region size 1024K, 67 young (68608K), 1 survivors (1024K)
 Metaspace       used 218384K, capacity 224667K, committed 224972K, reserved 1245184K
  class space    used 26837K, capacity 29036K, committed 29132K, reserved 1048576K
}
Event: 972.224 GC heap after
{Heap after GC invocations=127 (full 0):
 garbage-first heap   total 328704K, used 210650K [0x0000000080000000, 0x0000000100000000)
  region size 1024K, 9 young (9216K), 9 survivors (9216K)
 Metaspace       used 218384K, capacity 224667K, committed 224972K, reserved 1245184K
  class space    used 26837K, capacity 29036K, committed 29132K, reserved 1048576K
}
Event: 972.684 GC heap before
{Heap before GC invocations=127 (full 0):
 garbage-first heap   total 328704K, used 263898K [0x0000000080000000, 0x0000000100000000)
  region size 1024K, 61 young (62464K), 9 survivors (9216K)
 Metaspace       used 220126K, capacity 226474K, committed 226636K, reserved 1247232K
  class space    used 27173K, capacity 29389K, committed 29516K, reserved 1048576K
}
Event: 972.745 GC heap after
{Heap after GC invocations=128 (full 0):
 garbage-first heap   total 328704K, used 231380K [0x0000000080000000, 0x0000000100000000)
  region size 1024K, 8 young (8192K), 8 survivors (8192K)
 Metaspace       used 220126K, capacity 226474K, committed 226636K, reserved 1247232K
  class space    used 27173K, capacity 29389K, committed 29516K, reserved 1048576K
}
Event: 973.119 GC heap before
{Heap before GC invocations=128 (full 0):
 garbage-first heap   total 328704K, used 265172K [0x0000000080000000, 0x0000000100000000)
  region size 1024K, 42 young (43008K), 8 survivors (8192K)
 Metaspace       used 222126K, capacity 228533K, committed 228684K, reserved 1249280K
  class space    used 27459K, capacity 29704K, committed 29772K, reserved 1048576K
}
Event: 973.151 GC heap after
{Heap after GC invocations=129 (full 0):
 garbage-first heap   total 328704K, used 242176K [0x0000000080000000, 0x0000000100000000)
  region size 1024K, 6 young (6144K), 6 survivors (6144K)
 Metaspace       used 222126K, capacity 228533K, committed 228684K, reserved 1249280K
  class space    used 27459K, capacity 29704K, committed 29772K, reserved 1048576K
}
Event: 973.966 GC heap before
{Heap before GC invocations=129 (full 0):
 garbage-first heap   total 328704K, used 263680K [0x0000000080000000, 0x0000000100000000)
  region size 1024K, 34 young (34816K), 6 survivors (6144K)
 Metaspace       used 222850K, capacity 229346K, committed 229580K, reserved 1249280K
  class space    used 27581K, capacity 29863K, committed 29900K, reserved 1048576K
}

Deoptimization events (20 events):
Event: 973.264 Thread 0x0000029aa4f2f000 Uncommon trap: trap_request=0xffffffde fr.pc=0x0000029a93159780 relative=0x00000000000002c0
Event: 973.264 Thread 0x0000029aa4f2f000 Uncommon trap: reason=class_check action=maybe_recompile pc=0x0000029a93159780 method=com.android.tools.r8.internal.k8.a(Lcom/android/tools/r8/graph/d0;Lcom/android/tools/r8/graph/d0;)I @ 6 c2
Event: 973.264 Thread 0x0000029aa4f2f000 DEOPT PACKING pc=0x0000029a93159780 sp=0x000000feff0fcb20
Event: 973.264 Thread 0x0000029aa4f2f000 DEOPT UNPACKING pc=0x0000029a8af878af sp=0x000000feff0fca38 mode 2
Event: 973.264 Thread 0x0000029aa4f2f000 Uncommon trap: trap_request=0xffffffde fr.pc=0x0000029a9313fbe0 relative=0x00000000000001a0
Event: 973.264 Thread 0x0000029aa4f2f000 Uncommon trap: reason=class_check action=maybe_recompile pc=0x0000029a9313fbe0 method=com.android.tools.r8.internal.g8.a(Ljava/util/function/Predicate;Ljava/util/function/Function;Lcom/android/tools/r8/internal/BE$a;Lcom/android/tools/r8/internal/BE$b;)Lc
Event: 973.264 Thread 0x0000029aa4f2f000 DEOPT PACKING pc=0x0000029a9313fbe0 sp=0x000000feff0fcdc0
Event: 973.264 Thread 0x0000029aa4f2f000 DEOPT UNPACKING pc=0x0000029a8af878af sp=0x000000feff0fcd50 mode 2
Event: 973.445 Thread 0x0000029aa4f2f000 DEOPT PACKING pc=0x0000029a8f72d717 sp=0x000000feff0fd3e0
Event: 973.445 Thread 0x0000029aa4f2f000 DEOPT UNPACKING pc=0x0000029a8af876ce sp=0x000000feff0fc8c8 mode 0
Event: 973.459 Thread 0x0000029aa4f2f000 DEOPT PACKING pc=0x0000029a8f7357aa sp=0x000000feff0fd370
Event: 973.459 Thread 0x0000029aa4f2f000 DEOPT UNPACKING pc=0x0000029a8af876ce sp=0x000000feff0fc880 mode 0
Event: 973.768 Thread 0x0000029aa4b9a800 DEOPT PACKING pc=0x0000029a8f745695 sp=0x000000feff9fe9f0
Event: 973.768 Thread 0x0000029aa4b9a800 DEOPT UNPACKING pc=0x0000029a8af876ce sp=0x000000feff9fdec0 mode 0
Event: 973.951 Thread 0x0000029aa4f2f000 Uncommon trap: trap_request=0xffffffe4 fr.pc=0x0000029a93142e78 relative=0x0000000000000238
Event: 973.951 Thread 0x0000029aa4f2f000 Uncommon trap: reason=range_check action=make_not_entrant pc=0x0000029a93142e78 method=com.android.tools.r8.graph.c0.a(Lcom/android/tools/r8/graph/c0;)I @ 9 c2
Event: 973.951 Thread 0x0000029aa4f2f000 DEOPT PACKING pc=0x0000029a93142e78 sp=0x000000feff0fd210
Event: 973.951 Thread 0x0000029aa4f2f000 DEOPT UNPACKING pc=0x0000029a8af878af sp=0x000000feff0fd198 mode 2
Event: 973.961 Thread 0x0000029aa4f2f000 DEOPT PACKING pc=0x0000029a8ea7217b sp=0x000000feff0fd540
Event: 973.961 Thread 0x0000029aa4f2f000 DEOPT UNPACKING pc=0x0000029a8af876ce sp=0x000000feff0fc9f8 mode 0

Classes redefined (0 events):
No events

Internal exceptions (20 events):
Event: 971.559 Thread 0x0000029aa4f2f000 Exception <a 'sun/nio/fs/WindowsException'{0x000000009003c6a0}> (0x000000009003c6a0) thrown at [./src/hotspot/share/prims/jni.cpp, line 615]
Event: 972.119 Thread 0x0000029aa4b9c000 Exception <a 'java/lang/IncompatibleClassChangeError'{0x00000000903672b8}: Found class java.lang.Object, but interface was expected> (0x00000000903672b8) thrown at [./src/hotspot/share/interpreter/linkResolver.cpp, line 839]
Event: 972.176 Thread 0x0000029aa4b97000 Exception <a 'java/lang/IncompatibleClassChangeError'{0x000000009003ff68}: Found class java.lang.Object, but interface was expected> (0x000000009003ff68) thrown at [./src/hotspot/share/interpreter/linkResolver.cpp, line 839]
Event: 972.177 Thread 0x0000029aa4b97000 Exception <a 'java/lang/IncompatibleClassChangeError'{0x00000000900473b0}: Found class java.lang.Object, but interface was expected> (0x00000000900473b0) thrown at [./src/hotspot/share/interpreter/linkResolver.cpp, line 839]
Event: 972.347 Thread 0x0000029aa4f29000 Exception <a 'java/lang/NoSuchMethodError'{0x0000000093730120}: <clinit>> (0x0000000093730120) thrown at [./src/hotspot/share/prims/jni.cpp, line 1362]
Event: 972.347 Thread 0x0000029aa4f29000 Exception <a 'java/lang/NoSuchMethodError'{0x0000000093731458}: <clinit>> (0x0000000093731458) thrown at [./src/hotspot/share/prims/jni.cpp, line 1362]
Event: 972.348 Thread 0x0000029aa4f29000 Exception <a 'java/lang/NoSuchMethodError'{0x0000000093733bb8}: <clinit>> (0x0000000093733bb8) thrown at [./src/hotspot/share/prims/jni.cpp, line 1362]
Event: 972.349 Thread 0x0000029aa4f29000 Exception <a 'java/lang/NoSuchMethodError'{0x000000009374c438}: <clinit>> (0x000000009374c438) thrown at [./src/hotspot/share/prims/jni.cpp, line 1362]
Event: 972.349 Thread 0x0000029aa4f29000 Exception <a 'java/lang/NoSuchMethodError'{0x00000000937573f0}: <clinit>> (0x00000000937573f0) thrown at [./src/hotspot/share/prims/jni.cpp, line 1362]
Event: 972.352 Thread 0x0000029aa4f29000 Exception <a 'sun/nio/fs/WindowsException'{0x00000000937af9b8}> (0x00000000937af9b8) thrown at [./src/hotspot/share/prims/jni.cpp, line 615]
Event: 972.352 Thread 0x0000029aa4f29000 Exception <a 'sun/nio/fs/WindowsException'{0x00000000937b0870}> (0x00000000937b0870) thrown at [./src/hotspot/share/prims/jni.cpp, line 615]
Event: 972.373 Thread 0x0000029aa4f29000 Exception <a 'sun/nio/fs/WindowsException'{0x00000000937b1430}> (0x00000000937b1430) thrown at [./src/hotspot/share/prims/jni.cpp, line 615]
Event: 972.373 Thread 0x0000029aa4f29000 Exception <a 'sun/nio/fs/WindowsException'{0x00000000937b22e8}> (0x00000000937b22e8) thrown at [./src/hotspot/share/prims/jni.cpp, line 615]
Event: 972.373 Thread 0x0000029aa4f29000 Exception <a 'sun/nio/fs/WindowsException'{0x00000000937b25c0}> (0x00000000937b25c0) thrown at [./src/hotspot/share/prims/jni.cpp, line 615]
Event: 972.373 Thread 0x0000029aa4f29000 Exception <a 'sun/nio/fs/WindowsException'{0x00000000937b3448}> (0x00000000937b3448) thrown at [./src/hotspot/share/prims/jni.cpp, line 615]
Event: 972.412 Thread 0x0000029aa4f29000 Exception <a 'java/lang/NoSuchMethodError'{0x000000009342fa60}: <clinit>> (0x000000009342fa60) thrown at [./src/hotspot/share/prims/jni.cpp, line 1362]
Event: 972.415 Thread 0x0000029aa4f29000 Exception <a 'java/lang/NoSuchMethodError'{0x000000009345f388}: <clinit>> (0x000000009345f388) thrown at [./src/hotspot/share/prims/jni.cpp, line 1362]
Event: 972.415 Thread 0x0000029aa4f29000 Exception <a 'java/lang/NoSuchMethodError'{0x0000000093472388}: <clinit>> (0x0000000093472388) thrown at [./src/hotspot/share/prims/jni.cpp, line 1362]
Event: 973.181 Thread 0x0000029aa4f2f000 Exception <a 'java/lang/IncompatibleClassChangeError'{0x000000009401f090}: Found class java.lang.Object, but interface was expected> (0x000000009401f090) thrown at [./src/hotspot/share/interpreter/linkResolver.cpp, line 839]
Event: 973.276 Thread 0x0000029aa4f2f000 Exception <a 'java/lang/NoSuchMethodError'{0x0000000093f4f8e0}: 'int java.lang.invoke.DirectMethodHandle$Holder.invokeSpecial(java.lang.Object, java.lang.Object, java.lang.Object, java.lang.Object, java.lang.Object, java.lang.Object)'> (0x0000000093f4f8e0) thrown at [./src/hotspot/share/interpreter/linkResolver.cpp, line 773]

Events (20 events):
Event: 973.887 loading class com/android/tools/r8/graph/G done
Event: 973.889 loading class com/android/tools/r8/graph/v0$d
Event: 973.889 loading class com/android/tools/r8/graph/v0$d done
Event: 973.889 loading class com/android/tools/r8/graph/v0$d
Event: 973.889 loading class com/android/tools/r8/graph/v0$d done
Event: 973.889 loading class com/android/tools/r8/graph/v0$f
Event: 973.889 loading class com/android/tools/r8/graph/v0$f done
Event: 973.889 loading class com/android/tools/r8/graph/v0$d
Event: 973.889 loading class com/android/tools/r8/graph/v0$d done
Event: 973.889 loading class com/android/tools/r8/graph/v0$f
Event: 973.889 loading class com/android/tools/r8/graph/v0$f done
Event: 973.889 loading class com/android/tools/r8/graph/v0$j
Event: 973.889 loading class com/android/tools/r8/graph/v0$j done
Event: 973.890 loading class com/android/tools/r8/graph/d0
Event: 973.890 loading class com/android/tools/r8/graph/d0 done
Event: 973.890 loading class com/android/tools/r8/graph/d0
Event: 973.890 loading class com/android/tools/r8/graph/d0 done
Event: 973.890 loading class com/android/tools/r8/graph/S0
Event: 973.890 loading class com/android/tools/r8/graph/S0 done
Event: 973.966 Executing VM operation: G1CollectForAllocation


Dynamic libraries:
0x00007ff655f50000 - 0x00007ff655f5a000 	C:\Program Files\Android\Android Studio\jre\bin\java.exe
0x00007ff9ab7d0000 - 0x00007ff9ab9bd000 	C:\Windows\SYSTEM32\ntdll.dll
0x00007ff9ab6e0000 - 0x00007ff9ab794000 	C:\Windows\System32\KERNEL32.DLL
0x00007ff9a82f0000 - 0x00007ff9a8584000 	C:\Windows\System32\KERNELBASE.dll
0x00007ff9a7870000 - 0x00007ff9a796a000 	C:\Windows\System32\ucrtbase.dll
0x00007ff99cee0000 - 0x00007ff99cef7000 	C:\Program Files\Android\Android Studio\jre\bin\VCRUNTIME140.dll
0x00007ff99cf00000 - 0x00007ff99cf19000 	C:\Program Files\Android\Android Studio\jre\bin\jli.dll
0x00007ff9aa760000 - 0x00007ff9aa8f7000 	C:\Windows\System32\USER32.dll
0x00007ff9a8990000 - 0x00007ff9a89b0000 	C:\Windows\System32\win32u.dll
0x00007ff997400000 - 0x00007ff997679000 	C:\Windows\WinSxS\amd64_microsoft.windows.common-controls_6595b64144ccf1df_6.0.17763.2452_none_de72b7b25349edd3\COMCTL32.dll
0x00007ff9aad70000 - 0x00007ff9aad99000 	C:\Windows\System32\GDI32.dll
0x00007ff9ab480000 - 0x00007ff9ab51e000 	C:\Windows\System32\msvcrt.dll
0x00007ff9a7970000 - 0x00007ff9a7b0c000 	C:\Windows\System32\gdi32full.dll
0x00007ff9aa1b0000 - 0x00007ff9aa4dd000 	C:\Windows\System32\combase.dll
0x00007ff9a8840000 - 0x00007ff9a88e0000 	C:\Windows\System32\msvcp_win.dll
0x00007ff9aabd0000 - 0x00007ff9aaced000 	C:\Windows\System32\RPCRT4.dll
0x00007ff9a85b0000 - 0x00007ff9a8632000 	C:\Windows\System32\bcryptPrimitives.dll
0x00007ff9aaba0000 - 0x00007ff9aabce000 	C:\Windows\System32\IMM32.DLL
0x00007ff99ce40000 - 0x00007ff99cedd000 	C:\Program Files\Android\Android Studio\jre\bin\msvcp140.dll
0x00007ff9484f0000 - 0x00007ff948fbf000 	C:\Program Files\Android\Android Studio\jre\bin\server\jvm.dll
0x00007ff9ab630000 - 0x00007ff9ab6d7000 	C:\Windows\System32\ADVAPI32.dll
0x00007ff9aa110000 - 0x00007ff9aa1af000 	C:\Windows\System32\sechost.dll
0x00007ff9aa0a0000 - 0x00007ff9aa0a8000 	C:\Windows\System32\PSAPI.DLL
0x00007ff9a3d10000 - 0x00007ff9a3d19000 	C:\Windows\SYSTEM32\WSOCK32.dll
0x00007ff9a4150000 - 0x00007ff9a4174000 	C:\Windows\SYSTEM32\WINMM.dll
0x00007ff9aae30000 - 0x00007ff9aae9d000 	C:\Windows\System32\WS2_32.dll
0x00007ff99bd30000 - 0x00007ff99bd3a000 	C:\Windows\SYSTEM32\VERSION.dll
0x00007ff9a4120000 - 0x00007ff9a414d000 	C:\Windows\SYSTEM32\winmmbase.dll
0x00007ff9a89b0000 - 0x00007ff9a89fa000 	C:\Windows\System32\cfgmgr32.dll
0x00007ff9a77a0000 - 0x00007ff9a77b1000 	C:\Windows\System32\kernel.appcore.dll
0x00007ff9984a0000 - 0x00007ff9984b1000 	C:\Program Files\Android\Android Studio\jre\bin\verify.dll
0x00007ff9a6100000 - 0x00007ff9a62ed000 	C:\Windows\SYSTEM32\DBGHELP.DLL
0x00007ff998f50000 - 0x00007ff998f7a000 	C:\Windows\SYSTEM32\dbgcore.DLL
0x00007ff998190000 - 0x00007ff9981b9000 	C:\Program Files\Android\Android Studio\jre\bin\java.dll
0x00007ff9a17b0000 - 0x00007ff9a17bb000 	C:\Program Files\Android\Android Studio\jre\bin\jimage.dll
0x00007ff998170000 - 0x00007ff998188000 	C:\Program Files\Android\Android Studio\jre\bin\zip.dll
0x00007ff9a8af0000 - 0x00007ff9a9fe9000 	C:\Windows\System32\SHELL32.dll
0x00007ff9ab520000 - 0x00007ff9ab5c8000 	C:\Windows\System32\shcore.dll
0x00007ff9a7b10000 - 0x00007ff9a825b000 	C:\Windows\System32\windows.storage.dll
0x00007ff9a7820000 - 0x00007ff9a7844000 	C:\Windows\System32\profapi.dll
0x00007ff9a77c0000 - 0x00007ff9a781d000 	C:\Windows\System32\powrprof.dll
0x00007ff9aada0000 - 0x00007ff9aadf2000 	C:\Windows\System32\shlwapi.dll
0x00007ff9a8590000 - 0x00007ff9a85a7000 	C:\Windows\System32\cryptsp.dll
0x00007ff994d30000 - 0x00007ff994d4a000 	C:\Program Files\Android\Android Studio\jre\bin\net.dll
0x00007ff999730000 - 0x00007ff999821000 	C:\Windows\SYSTEM32\WINHTTP.dll
0x00007ff9a6ff0000 - 0x00007ff9a7057000 	C:\Windows\system32\mswsock.dll
0x00007ff98dee0000 - 0x00007ff98def4000 	C:\Program Files\Android\Android Studio\jre\bin\nio.dll
0x00007ff99c980000 - 0x00007ff99c9a7000 	C:\Users\Admin\.gradle\native\8bec1ad78214c89d9ad589b4d07fe93259594b29d510b10fafb7a158f7737e5d\windows-amd64\native-platform.dll
0x00007ff98d430000 - 0x00007ff98d56d000 	C:\Users\Admin\.gradle\native\53dbd7edfb1c66fb8903c78663c9afc45aea4f116125fa6feffd364cf09443e8\windows-amd64\native-platform-file-events.dll
0x00007ff99d4d0000 - 0x00007ff99d4da000 	C:\Program Files\Android\Android Studio\jre\bin\management.dll
0x00007ff99c940000 - 0x00007ff99c94c000 	C:\Program Files\Android\Android Studio\jre\bin\management_ext.dll
0x00007ff9a6b70000 - 0x00007ff9a6ba3000 	C:\Windows\system32\rsaenh.dll
0x00007ff9a8260000 - 0x00007ff9a8286000 	C:\Windows\System32\bcrypt.dll
0x00007ff9a76d0000 - 0x00007ff9a76f9000 	C:\Windows\SYSTEM32\USERENV.dll
0x00007ff9a71c0000 - 0x00007ff9a71cc000 	C:\Windows\SYSTEM32\CRYPTBASE.dll
0x00007ff9a6d00000 - 0x00007ff9a6d3d000 	C:\Windows\SYSTEM32\IPHLPAPI.DLL
0x00007ff9aae20000 - 0x00007ff9aae28000 	C:\Windows\System32\NSI.dll
0x00007ff99b870000 - 0x00007ff99b886000 	C:\Windows\SYSTEM32\dhcpcsvc6.DLL
0x00007ff99baf0000 - 0x00007ff99bb0c000 	C:\Windows\SYSTEM32\dhcpcsvc.DLL
0x00007ff9a6d40000 - 0x00007ff9a6e06000 	C:\Windows\SYSTEM32\DNSAPI.dll
0x00007ff98d250000 - 0x00007ff98d277000 	C:\Program Files\Android\Android Studio\jre\bin\sunec.dll
0x00007ff999090000 - 0x00007ff99909a000 	C:\Windows\System32\rasadhlp.dll
0x00007ff9996b0000 - 0x00007ff999729000 	C:\Windows\System32\fwpuclnt.dll
0x00007ff978650000 - 0x00007ff9787f4000 	C:\Program Files\Android\Android Studio\jre\bin\awt.dll
0x00007ff9aa4e0000 - 0x00007ff9aa5a4000 	C:\Windows\System32\OLEAUT32.dll
0x00007ff9a5da0000 - 0x00007ff9a5dce000 	C:\Windows\SYSTEM32\dwmapi.dll
0x00007ff9a8640000 - 0x00007ff9a8835000 	C:\Windows\System32\CRYPT32.dll
0x00007ff9a7850000 - 0x00007ff9a7862000 	C:\Windows\System32\MSASN1.dll
0x00007ff9a5630000 - 0x00007ff9a56bc000 	C:\Windows\SYSTEM32\apphelp.dll
0x00007ff9a5960000 - 0x00007ff9a59fc000 	C:\Windows\system32\uxtheme.dll

dbghelp: loaded successfully - version: 4.0.5 - missing functions: none
symbol engine: initialized successfully - sym options: 0x614 - pdb path: .;C:\Program Files\Android\Android Studio\jre\bin;C:\Windows\SYSTEM32;C:\Windows\WinSxS\amd64_microsoft.windows.common-controls_6595b64144ccf1df_6.0.17763.2452_none_de72b7b25349edd3;C:\Program Files\Android\Android Studio\jre\bin\server;C:\Users\Admin\.gradle\native\8bec1ad78214c89d9ad589b4d07fe93259594b29d510b10fafb7a158f7737e5d\windows-amd64;C:\Users\Admin\.gradle\native\53dbd7edfb1c66fb8903c78663c9afc45aea4f116125fa6feffd364cf09443e8\windows-amd64

VM Arguments:
jvm_args: --add-opens=java.base/java.util=ALL-UNNAMED --add-opens=java.base/java.lang=ALL-UNNAMED --add-opens=java.base/java.lang.invoke=ALL-UNNAMED --add-opens=java.base/java.util=ALL-UNNAMED --add-opens=java.prefs/java.util.prefs=ALL-UNNAMED --add-opens=java.prefs/java.util.prefs=ALL-UNNAMED --add-opens=java.base/java.nio.charset=ALL-UNNAMED --add-opens=java.base/java.net=ALL-UNNAMED --add-opens=java.base/java.util.concurrent.atomic=ALL-UNNAMED -Xmx2048m -Dfile.encoding=UTF-8 -Duser.country=RU -Duser.language=ru -Duser.variant 
java_command: org.gradle.launcher.daemon.bootstrap.GradleDaemon 7.0.2
java_class_path (initial): C:\Users\Admin\.gradle\wrapper\dists\gradle-7.0.2-bin\857tjihv64xamwrf0h14cai3r\gradle-7.0.2\lib\gradle-launcher-7.0.2.jar
Launcher Type: SUN_STANDARD

[Global flags]
     intx CICompilerCount                          = 3                                         {product} {ergonomic}
     uint ConcGCThreads                            = 1                                         {product} {ergonomic}
     uint G1ConcRefinementThreads                  = 4                                         {product} {ergonomic}
   size_t G1HeapRegionSize                         = 1048576                                   {product} {ergonomic}
    uintx GCDrainStackTargetSize                   = 64                                        {product} {ergonomic}
   size_t InitialHeapSize                          = 134217728                                 {product} {ergonomic}
   size_t MarkStackSize                            = 4194304                                   {product} {ergonomic}
   size_t MaxHeapSize                              = 2147483648                                {product} {command line}
   size_t MaxNewSize                               = 1287651328                                {product} {ergonomic}
   size_t MinHeapDeltaBytes                        = 1048576                                   {product} {ergonomic}
    uintx NonNMethodCodeHeapSize                   = 5830732                                {pd product} {ergonomic}
    uintx NonProfiledCodeHeapSize                  = 122913754                              {pd product} {ergonomic}
    uintx ProfiledCodeHeapSize                     = 122913754                              {pd product} {ergonomic}
    uintx ReservedCodeCacheSize                    = 251658240                              {pd product} {ergonomic}
     bool SegmentedCodeCache                       = true                                      {product} {ergonomic}
     bool UseCompressedClassPointers               = true                                 {lp64_product} {ergonomic}
     bool UseCompressedOops                        = true                                 {lp64_product} {ergonomic}
     bool UseG1GC                                  = true                                      {product} {ergonomic}
     bool UseLargePagesIndividualAllocation        = false                                  {pd product} {ergonomic}

Logging:
Log output configuration:
 #0: stdout all=warning uptime,level,tags
 #1: stderr all=off uptime,level,tags

Environment Variables:
JAVA_HOME=C:\Program Files\Java\jre1.8.0_202\bin;
PATH=C:\Program Files\Common Files\Oracle\Java\javapath;C:\Python38\Scripts\;C:\Python38\;C:\Program Files (x86)\Common Files\Oracle\Java\javapath;C:\Windows\system32;C:\Windows;C:\Windows\System32\Wbem;C:\Windows\System32\WindowsPowerShell\v1.0\;C:\Windows\System32\OpenSSH\;C:\ProgramData\chocolatey\bin;C:\src\flutter;C:\src\flutter\bin;C:\Program Files\dotnet\;C:\Program Files\Java\jre1.8.0_202\bin;\bin;C:\Program Files\Git\cmd;C:\Users\Admin\AppData\Local\Programs\Python\Python310\Scripts\;C:\Users\Admin\AppData\Local\Programs\Python\Python310\;C:\Users\Admin\AppData\Local\Microsoft\WindowsApps;C:\Users\Admin\.dotnet\tools;C:\Users\Admin\AppData\Local\GitHubDesktop\bin;C:\Users\Admin\AppData\Local\Programs\Microsoft VS Code\bin;C:\Users\Admin\Documents\flutter\flutter\bin;
USERNAME=Admin
OS=Windows_NT
PROCESSOR_IDENTIFIER=Intel64 Family 6 Model 142 Stepping 10, GenuineIntel



---------------  S Y S T E M  ---------------

OS: Windows 10 , 64 bit Build 17763 (10.0.17763.2452)
OS uptime: 2 days 23:17 hours

CPU:total 4 (initial active 4) (2 cores per cpu, 2 threads per core) family 6 model 142 stepping 10 microcode 0xe0, cmov, cx8, fxsr, mmx, sse, sse2, sse3, ssse3, sse4.1, sse4.2, popcnt, avx, avx2, aes, clmul, erms, 3dnowpref, lzcnt, ht, tsc, tscinvbit, bmi1, bmi2, adx, fma

Memory: 4k page, system-wide physical 8097M (829M free)
TotalPageFile size 8897M (AvailPageFile size 18M)
current process WorkingSet (physical memory assigned to process): 840M, peak: 840M
current process commit charge ("private bytes"): 868M, peak: 1050M

vm_info: OpenJDK 64-Bit Server VM (11.0.10+0-b96-7249189) for windows-amd64 JRE (11.0.10+0-b96-7249189), built on Mar 31 2021 21:44:00 by "builder" with MS VC++ 14.0 (VS2015)

END.
